<?xml version="1.0" encoding="UTF-8"?>
<testng-results skipped="0" failed="0" total="226" passed="226">
  <reporter-output>
  </reporter-output>
  <suite name="Command line suite" duration-ms="561" started-at="2017-05-25T05:57:04Z" finished-at="2017-05-25T05:57:04Z">
    <groups>
    </groups>
    <test name="Command line test" duration-ms="561" started-at="2017-05-25T05:57:04Z" finished-at="2017-05-25T05:57:04Z">
      <class name="storm.starter.tools.SlidingWindowCounterTest">
        <test-method status="PASS" signature="lessThanTwoSlotsShouldThrowIAE(int)[pri:0, instance:storm.starter.tools.SlidingWindowCounterTest@6276ae34]" name="lessThanTwoSlotsShouldThrowIAE" duration-ms="0" started-at="2017-05-25T13:57:04Z" data-provider="illegalWindowLengths" finished-at="2017-05-25T13:57:04Z">
          <params>
            <param index="0">
              <value>
                <![CDATA[-2]]>
              </value>
            </param>
          </params>
          <exception class="java.lang.IllegalArgumentException">
            <message>
              <![CDATA[Window length in slots must be at least two (you requested -2)]]>
            </message>
            <full-stacktrace>
              <![CDATA[java.lang.IllegalArgumentException: Window length in slots must be at least two (you requested -2)
	at storm.starter.tools.SlidingWindowCounter.<init>(SlidingWindowCounter.java:62)
	at storm.starter.tools.SlidingWindowCounterTest.lessThanTwoSlotsShouldThrowIAE(SlidingWindowCounterTest.java:22)
	at sun.reflect.NativeMethodAccessorImpl.invoke0(Native Method)
	at sun.reflect.NativeMethodAccessorImpl.invoke(NativeMethodAccessorImpl.java:62)
	at sun.reflect.DelegatingMethodAccessorImpl.invoke(DelegatingMethodAccessorImpl.java:43)
	at java.lang.reflect.Method.invoke(Method.java:498)
	at org.testng.internal.MethodInvocationHelper.invokeMethod(MethodInvocationHelper.java:84)
	at org.testng.internal.Invoker.invokeMethod(Invoker.java:714)
	at org.testng.internal.Invoker.invokeTestMethod(Invoker.java:901)
	at org.testng.internal.Invoker.invokeTestMethods(Invoker.java:1231)
	at org.testng.internal.TestMethodWorker.invokeTestMethods(TestMethodWorker.java:127)
	at org.testng.internal.TestMethodWorker.run(TestMethodWorker.java:111)
	at org.testng.TestRunner.privateRun(TestRunner.java:767)
	at org.testng.TestRunner.run(TestRunner.java:617)
	at org.testng.SuiteRunner.runTest(SuiteRunner.java:334)
	at org.testng.SuiteRunner.runSequentially(SuiteRunner.java:329)
	at org.testng.SuiteRunner.privateRun(SuiteRunner.java:291)
	at org.testng.SuiteRunner.run(SuiteRunner.java:240)
	at org.testng.SuiteRunnerWorker.runSuite(SuiteRunnerWorker.java:52)
	at org.testng.SuiteRunnerWorker.run(SuiteRunnerWorker.java:86)
	at org.testng.TestNG.runSuitesSequentially(TestNG.java:1224)
	at org.testng.TestNG.runSuitesLocally(TestNG.java:1149)
	at org.testng.TestNG.run(TestNG.java:1057)
	at org.apache.maven.surefire.testng.TestNGExecutor.run(TestNGExecutor.java:70)
	at org.apache.maven.surefire.testng.TestNGDirectoryTestSuite.executeMulti(TestNGDirectoryTestSuite.java:158)
	at org.apache.maven.surefire.testng.TestNGDirectoryTestSuite.execute(TestNGDirectoryTestSuite.java:98)
	at org.apache.maven.surefire.testng.TestNGProvider.invoke(TestNGProvider.java:111)
	at sun.reflect.NativeMethodAccessorImpl.invoke0(Native Method)
	at sun.reflect.NativeMethodAccessorImpl.invoke(NativeMethodAccessorImpl.java:62)
	at sun.reflect.DelegatingMethodAccessorImpl.invoke(DelegatingMethodAccessorImpl.java:43)
	at java.lang.reflect.Method.invoke(Method.java:498)
	at org.apache.maven.surefire.util.ReflectionUtils.invokeMethodWithArray(ReflectionUtils.java:164)
	at org.apache.maven.surefire.booter.ProviderFactory$ProviderProxy.invoke(ProviderFactory.java:110)
	at org.apache.maven.surefire.booter.SurefireStarter.invokeProvider(SurefireStarter.java:175)
	at org.apache.maven.surefire.booter.SurefireStarter.runSuitesInProcessWhenForked(SurefireStarter.java:107)
	at org.apache.maven.surefire.booter.ForkedBooter.main(ForkedBooter.java:68)
]]>
            </full-stacktrace>
          </exception> <!-- java.lang.IllegalArgumentException -->
          <reporter-output>
          </reporter-output>
        </test-method> <!-- lessThanTwoSlotsShouldThrowIAE -->
        <test-method status="PASS" signature="lessThanTwoSlotsShouldThrowIAE(int)[pri:0, instance:storm.starter.tools.SlidingWindowCounterTest@6276ae34]" name="lessThanTwoSlotsShouldThrowIAE" duration-ms="1" started-at="2017-05-25T13:57:04Z" data-provider="illegalWindowLengths" finished-at="2017-05-25T13:57:04Z">
          <params>
            <param index="0">
              <value>
                <![CDATA[0]]>
              </value>
            </param>
          </params>
          <exception class="java.lang.IllegalArgumentException">
            <message>
              <![CDATA[Window length in slots must be at least two (you requested 0)]]>
            </message>
            <full-stacktrace>
              <![CDATA[java.lang.IllegalArgumentException: Window length in slots must be at least two (you requested 0)
	at storm.starter.tools.SlidingWindowCounter.<init>(SlidingWindowCounter.java:62)
	at storm.starter.tools.SlidingWindowCounterTest.lessThanTwoSlotsShouldThrowIAE(SlidingWindowCounterTest.java:22)
	at sun.reflect.NativeMethodAccessorImpl.invoke0(Native Method)
	at sun.reflect.NativeMethodAccessorImpl.invoke(NativeMethodAccessorImpl.java:62)
	at sun.reflect.DelegatingMethodAccessorImpl.invoke(DelegatingMethodAccessorImpl.java:43)
	at java.lang.reflect.Method.invoke(Method.java:498)
	at org.testng.internal.MethodInvocationHelper.invokeMethod(MethodInvocationHelper.java:84)
	at org.testng.internal.Invoker.invokeMethod(Invoker.java:714)
	at org.testng.internal.Invoker.invokeTestMethod(Invoker.java:901)
	at org.testng.internal.Invoker.invokeTestMethods(Invoker.java:1231)
	at org.testng.internal.TestMethodWorker.invokeTestMethods(TestMethodWorker.java:127)
	at org.testng.internal.TestMethodWorker.run(TestMethodWorker.java:111)
	at org.testng.TestRunner.privateRun(TestRunner.java:767)
	at org.testng.TestRunner.run(TestRunner.java:617)
	at org.testng.SuiteRunner.runTest(SuiteRunner.java:334)
	at org.testng.SuiteRunner.runSequentially(SuiteRunner.java:329)
	at org.testng.SuiteRunner.privateRun(SuiteRunner.java:291)
	at org.testng.SuiteRunner.run(SuiteRunner.java:240)
	at org.testng.SuiteRunnerWorker.runSuite(SuiteRunnerWorker.java:52)
	at org.testng.SuiteRunnerWorker.run(SuiteRunnerWorker.java:86)
	at org.testng.TestNG.runSuitesSequentially(TestNG.java:1224)
	at org.testng.TestNG.runSuitesLocally(TestNG.java:1149)
	at org.testng.TestNG.run(TestNG.java:1057)
	at org.apache.maven.surefire.testng.TestNGExecutor.run(TestNGExecutor.java:70)
	at org.apache.maven.surefire.testng.TestNGDirectoryTestSuite.executeMulti(TestNGDirectoryTestSuite.java:158)
	at org.apache.maven.surefire.testng.TestNGDirectoryTestSuite.execute(TestNGDirectoryTestSuite.java:98)
	at org.apache.maven.surefire.testng.TestNGProvider.invoke(TestNGProvider.java:111)
	at sun.reflect.NativeMethodAccessorImpl.invoke0(Native Method)
	at sun.reflect.NativeMethodAccessorImpl.invoke(NativeMethodAccessorImpl.java:62)
	at sun.reflect.DelegatingMethodAccessorImpl.invoke(DelegatingMethodAccessorImpl.java:43)
	at java.lang.reflect.Method.invoke(Method.java:498)
	at org.apache.maven.surefire.util.ReflectionUtils.invokeMethodWithArray(ReflectionUtils.java:164)
	at org.apache.maven.surefire.booter.ProviderFactory$ProviderProxy.invoke(ProviderFactory.java:110)
	at org.apache.maven.surefire.booter.SurefireStarter.invokeProvider(SurefireStarter.java:175)
	at org.apache.maven.surefire.booter.SurefireStarter.runSuitesInProcessWhenForked(SurefireStarter.java:107)
	at org.apache.maven.surefire.booter.ForkedBooter.main(ForkedBooter.java:68)
]]>
            </full-stacktrace>
          </exception> <!-- java.lang.IllegalArgumentException -->
          <reporter-output>
          </reporter-output>
        </test-method> <!-- lessThanTwoSlotsShouldThrowIAE -->
        <test-method status="PASS" signature="lessThanTwoSlotsShouldThrowIAE(int)[pri:0, instance:storm.starter.tools.SlidingWindowCounterTest@6276ae34]" name="lessThanTwoSlotsShouldThrowIAE" duration-ms="0" started-at="2017-05-25T13:57:04Z" data-provider="illegalWindowLengths" finished-at="2017-05-25T13:57:04Z">
          <params>
            <param index="0">
              <value>
                <![CDATA[-3]]>
              </value>
            </param>
          </params>
          <exception class="java.lang.IllegalArgumentException">
            <message>
              <![CDATA[Window length in slots must be at least two (you requested -3)]]>
            </message>
            <full-stacktrace>
              <![CDATA[java.lang.IllegalArgumentException: Window length in slots must be at least two (you requested -3)
	at storm.starter.tools.SlidingWindowCounter.<init>(SlidingWindowCounter.java:62)
	at storm.starter.tools.SlidingWindowCounterTest.lessThanTwoSlotsShouldThrowIAE(SlidingWindowCounterTest.java:22)
	at sun.reflect.NativeMethodAccessorImpl.invoke0(Native Method)
	at sun.reflect.NativeMethodAccessorImpl.invoke(NativeMethodAccessorImpl.java:62)
	at sun.reflect.DelegatingMethodAccessorImpl.invoke(DelegatingMethodAccessorImpl.java:43)
	at java.lang.reflect.Method.invoke(Method.java:498)
	at org.testng.internal.MethodInvocationHelper.invokeMethod(MethodInvocationHelper.java:84)
	at org.testng.internal.Invoker.invokeMethod(Invoker.java:714)
	at org.testng.internal.Invoker.invokeTestMethod(Invoker.java:901)
	at org.testng.internal.Invoker.invokeTestMethods(Invoker.java:1231)
	at org.testng.internal.TestMethodWorker.invokeTestMethods(TestMethodWorker.java:127)
	at org.testng.internal.TestMethodWorker.run(TestMethodWorker.java:111)
	at org.testng.TestRunner.privateRun(TestRunner.java:767)
	at org.testng.TestRunner.run(TestRunner.java:617)
	at org.testng.SuiteRunner.runTest(SuiteRunner.java:334)
	at org.testng.SuiteRunner.runSequentially(SuiteRunner.java:329)
	at org.testng.SuiteRunner.privateRun(SuiteRunner.java:291)
	at org.testng.SuiteRunner.run(SuiteRunner.java:240)
	at org.testng.SuiteRunnerWorker.runSuite(SuiteRunnerWorker.java:52)
	at org.testng.SuiteRunnerWorker.run(SuiteRunnerWorker.java:86)
	at org.testng.TestNG.runSuitesSequentially(TestNG.java:1224)
	at org.testng.TestNG.runSuitesLocally(TestNG.java:1149)
	at org.testng.TestNG.run(TestNG.java:1057)
	at org.apache.maven.surefire.testng.TestNGExecutor.run(TestNGExecutor.java:70)
	at org.apache.maven.surefire.testng.TestNGDirectoryTestSuite.executeMulti(TestNGDirectoryTestSuite.java:158)
	at org.apache.maven.surefire.testng.TestNGDirectoryTestSuite.execute(TestNGDirectoryTestSuite.java:98)
	at org.apache.maven.surefire.testng.TestNGProvider.invoke(TestNGProvider.java:111)
	at sun.reflect.NativeMethodAccessorImpl.invoke0(Native Method)
	at sun.reflect.NativeMethodAccessorImpl.invoke(NativeMethodAccessorImpl.java:62)
	at sun.reflect.DelegatingMethodAccessorImpl.invoke(DelegatingMethodAccessorImpl.java:43)
	at java.lang.reflect.Method.invoke(Method.java:498)
	at org.apache.maven.surefire.util.ReflectionUtils.invokeMethodWithArray(ReflectionUtils.java:164)
	at org.apache.maven.surefire.booter.ProviderFactory$ProviderProxy.invoke(ProviderFactory.java:110)
	at org.apache.maven.surefire.booter.SurefireStarter.invokeProvider(SurefireStarter.java:175)
	at org.apache.maven.surefire.booter.SurefireStarter.runSuitesInProcessWhenForked(SurefireStarter.java:107)
	at org.apache.maven.surefire.booter.ForkedBooter.main(ForkedBooter.java:68)
]]>
            </full-stacktrace>
          </exception> <!-- java.lang.IllegalArgumentException -->
          <reporter-output>
          </reporter-output>
        </test-method> <!-- lessThanTwoSlotsShouldThrowIAE -->
        <test-method status="PASS" signature="lessThanTwoSlotsShouldThrowIAE(int)[pri:0, instance:storm.starter.tools.SlidingWindowCounterTest@6276ae34]" name="lessThanTwoSlotsShouldThrowIAE" duration-ms="0" started-at="2017-05-25T13:57:04Z" data-provider="illegalWindowLengths" finished-at="2017-05-25T13:57:04Z">
          <params>
            <param index="0">
              <value>
                <![CDATA[-10]]>
              </value>
            </param>
          </params>
          <exception class="java.lang.IllegalArgumentException">
            <message>
              <![CDATA[Window length in slots must be at least two (you requested -10)]]>
            </message>
            <full-stacktrace>
              <![CDATA[java.lang.IllegalArgumentException: Window length in slots must be at least two (you requested -10)
	at storm.starter.tools.SlidingWindowCounter.<init>(SlidingWindowCounter.java:62)
	at storm.starter.tools.SlidingWindowCounterTest.lessThanTwoSlotsShouldThrowIAE(SlidingWindowCounterTest.java:22)
	at sun.reflect.NativeMethodAccessorImpl.invoke0(Native Method)
	at sun.reflect.NativeMethodAccessorImpl.invoke(NativeMethodAccessorImpl.java:62)
	at sun.reflect.DelegatingMethodAccessorImpl.invoke(DelegatingMethodAccessorImpl.java:43)
	at java.lang.reflect.Method.invoke(Method.java:498)
	at org.testng.internal.MethodInvocationHelper.invokeMethod(MethodInvocationHelper.java:84)
	at org.testng.internal.Invoker.invokeMethod(Invoker.java:714)
	at org.testng.internal.Invoker.invokeTestMethod(Invoker.java:901)
	at org.testng.internal.Invoker.invokeTestMethods(Invoker.java:1231)
	at org.testng.internal.TestMethodWorker.invokeTestMethods(TestMethodWorker.java:127)
	at org.testng.internal.TestMethodWorker.run(TestMethodWorker.java:111)
	at org.testng.TestRunner.privateRun(TestRunner.java:767)
	at org.testng.TestRunner.run(TestRunner.java:617)
	at org.testng.SuiteRunner.runTest(SuiteRunner.java:334)
	at org.testng.SuiteRunner.runSequentially(SuiteRunner.java:329)
	at org.testng.SuiteRunner.privateRun(SuiteRunner.java:291)
	at org.testng.SuiteRunner.run(SuiteRunner.java:240)
	at org.testng.SuiteRunnerWorker.runSuite(SuiteRunnerWorker.java:52)
	at org.testng.SuiteRunnerWorker.run(SuiteRunnerWorker.java:86)
	at org.testng.TestNG.runSuitesSequentially(TestNG.java:1224)
	at org.testng.TestNG.runSuitesLocally(TestNG.java:1149)
	at org.testng.TestNG.run(TestNG.java:1057)
	at org.apache.maven.surefire.testng.TestNGExecutor.run(TestNGExecutor.java:70)
	at org.apache.maven.surefire.testng.TestNGDirectoryTestSuite.executeMulti(TestNGDirectoryTestSuite.java:158)
	at org.apache.maven.surefire.testng.TestNGDirectoryTestSuite.execute(TestNGDirectoryTestSuite.java:98)
	at org.apache.maven.surefire.testng.TestNGProvider.invoke(TestNGProvider.java:111)
	at sun.reflect.NativeMethodAccessorImpl.invoke0(Native Method)
	at sun.reflect.NativeMethodAccessorImpl.invoke(NativeMethodAccessorImpl.java:62)
	at sun.reflect.DelegatingMethodAccessorImpl.invoke(DelegatingMethodAccessorImpl.java:43)
	at java.lang.reflect.Method.invoke(Method.java:498)
	at org.apache.maven.surefire.util.ReflectionUtils.invokeMethodWithArray(ReflectionUtils.java:164)
	at org.apache.maven.surefire.booter.ProviderFactory$ProviderProxy.invoke(ProviderFactory.java:110)
	at org.apache.maven.surefire.booter.SurefireStarter.invokeProvider(SurefireStarter.java:175)
	at org.apache.maven.surefire.booter.SurefireStarter.runSuitesInProcessWhenForked(SurefireStarter.java:107)
	at org.apache.maven.surefire.booter.ForkedBooter.main(ForkedBooter.java:68)
]]>
            </full-stacktrace>
          </exception> <!-- java.lang.IllegalArgumentException -->
          <reporter-output>
          </reporter-output>
        </test-method> <!-- lessThanTwoSlotsShouldThrowIAE -->
        <test-method status="PASS" signature="lessThanTwoSlotsShouldThrowIAE(int)[pri:0, instance:storm.starter.tools.SlidingWindowCounterTest@6276ae34]" name="lessThanTwoSlotsShouldThrowIAE" duration-ms="0" started-at="2017-05-25T13:57:04Z" data-provider="illegalWindowLengths" finished-at="2017-05-25T13:57:04Z">
          <params>
            <param index="0">
              <value>
                <![CDATA[-1]]>
              </value>
            </param>
          </params>
          <exception class="java.lang.IllegalArgumentException">
            <message>
              <![CDATA[Window length in slots must be at least two (you requested -1)]]>
            </message>
            <full-stacktrace>
              <![CDATA[java.lang.IllegalArgumentException: Window length in slots must be at least two (you requested -1)
	at storm.starter.tools.SlidingWindowCounter.<init>(SlidingWindowCounter.java:62)
	at storm.starter.tools.SlidingWindowCounterTest.lessThanTwoSlotsShouldThrowIAE(SlidingWindowCounterTest.java:22)
	at sun.reflect.NativeMethodAccessorImpl.invoke0(Native Method)
	at sun.reflect.NativeMethodAccessorImpl.invoke(NativeMethodAccessorImpl.java:62)
	at sun.reflect.DelegatingMethodAccessorImpl.invoke(DelegatingMethodAccessorImpl.java:43)
	at java.lang.reflect.Method.invoke(Method.java:498)
	at org.testng.internal.MethodInvocationHelper.invokeMethod(MethodInvocationHelper.java:84)
	at org.testng.internal.Invoker.invokeMethod(Invoker.java:714)
	at org.testng.internal.Invoker.invokeTestMethod(Invoker.java:901)
	at org.testng.internal.Invoker.invokeTestMethods(Invoker.java:1231)
	at org.testng.internal.TestMethodWorker.invokeTestMethods(TestMethodWorker.java:127)
	at org.testng.internal.TestMethodWorker.run(TestMethodWorker.java:111)
	at org.testng.TestRunner.privateRun(TestRunner.java:767)
	at org.testng.TestRunner.run(TestRunner.java:617)
	at org.testng.SuiteRunner.runTest(SuiteRunner.java:334)
	at org.testng.SuiteRunner.runSequentially(SuiteRunner.java:329)
	at org.testng.SuiteRunner.privateRun(SuiteRunner.java:291)
	at org.testng.SuiteRunner.run(SuiteRunner.java:240)
	at org.testng.SuiteRunnerWorker.runSuite(SuiteRunnerWorker.java:52)
	at org.testng.SuiteRunnerWorker.run(SuiteRunnerWorker.java:86)
	at org.testng.TestNG.runSuitesSequentially(TestNG.java:1224)
	at org.testng.TestNG.runSuitesLocally(TestNG.java:1149)
	at org.testng.TestNG.run(TestNG.java:1057)
	at org.apache.maven.surefire.testng.TestNGExecutor.run(TestNGExecutor.java:70)
	at org.apache.maven.surefire.testng.TestNGDirectoryTestSuite.executeMulti(TestNGDirectoryTestSuite.java:158)
	at org.apache.maven.surefire.testng.TestNGDirectoryTestSuite.execute(TestNGDirectoryTestSuite.java:98)
	at org.apache.maven.surefire.testng.TestNGProvider.invoke(TestNGProvider.java:111)
	at sun.reflect.NativeMethodAccessorImpl.invoke0(Native Method)
	at sun.reflect.NativeMethodAccessorImpl.invoke(NativeMethodAccessorImpl.java:62)
	at sun.reflect.DelegatingMethodAccessorImpl.invoke(DelegatingMethodAccessorImpl.java:43)
	at java.lang.reflect.Method.invoke(Method.java:498)
	at org.apache.maven.surefire.util.ReflectionUtils.invokeMethodWithArray(ReflectionUtils.java:164)
	at org.apache.maven.surefire.booter.ProviderFactory$ProviderProxy.invoke(ProviderFactory.java:110)
	at org.apache.maven.surefire.booter.SurefireStarter.invokeProvider(SurefireStarter.java:175)
	at org.apache.maven.surefire.booter.SurefireStarter.runSuitesInProcessWhenForked(SurefireStarter.java:107)
	at org.apache.maven.surefire.booter.ForkedBooter.main(ForkedBooter.java:68)
]]>
            </full-stacktrace>
          </exception> <!-- java.lang.IllegalArgumentException -->
          <reporter-output>
          </reporter-output>
        </test-method> <!-- lessThanTwoSlotsShouldThrowIAE -->
        <test-method status="PASS" signature="newInstanceShouldHaveEmptyCounts()[pri:0, instance:storm.starter.tools.SlidingWindowCounterTest@6276ae34]" name="newInstanceShouldHaveEmptyCounts" duration-ms="0" started-at="2017-05-25T13:57:04Z" finished-at="2017-05-25T13:57:04Z">
          <reporter-output>
          </reporter-output>
        </test-method> <!-- newInstanceShouldHaveEmptyCounts -->
        <test-method status="PASS" signature="testCounterWithSimulatedRuns(int, [I, [J)[pri:0, instance:storm.starter.tools.SlidingWindowCounterTest@6276ae34]" name="testCounterWithSimulatedRuns" duration-ms="1" started-at="2017-05-25T13:57:04Z" data-provider="simulatedCounterIterations" finished-at="2017-05-25T13:57:04Z">
          <params>
            <param index="0">
              <value>
                <![CDATA[2]]>
              </value>
            </param>
            <param index="1">
              <value>
                <![CDATA[[I@5b94b04d]]>
              </value>
            </param>
            <param index="2">
              <value>
                <![CDATA[[J@8c3b9d]]>
              </value>
            </param>
          </params>
          <reporter-output>
          </reporter-output>
        </test-method> <!-- testCounterWithSimulatedRuns -->
        <test-method status="PASS" signature="lessThanTwoSlotsShouldThrowIAE(int)[pri:0, instance:storm.starter.tools.SlidingWindowCounterTest@6276ae34]" name="lessThanTwoSlotsShouldThrowIAE" duration-ms="0" started-at="2017-05-25T13:57:04Z" data-provider="illegalWindowLengths" finished-at="2017-05-25T13:57:04Z">
          <params>
            <param index="0">
              <value>
                <![CDATA[1]]>
              </value>
            </param>
          </params>
          <exception class="java.lang.IllegalArgumentException">
            <message>
              <![CDATA[Window length in slots must be at least two (you requested 1)]]>
            </message>
            <full-stacktrace>
              <![CDATA[java.lang.IllegalArgumentException: Window length in slots must be at least two (you requested 1)
	at storm.starter.tools.SlidingWindowCounter.<init>(SlidingWindowCounter.java:62)
	at storm.starter.tools.SlidingWindowCounterTest.lessThanTwoSlotsShouldThrowIAE(SlidingWindowCounterTest.java:22)
	at sun.reflect.NativeMethodAccessorImpl.invoke0(Native Method)
	at sun.reflect.NativeMethodAccessorImpl.invoke(NativeMethodAccessorImpl.java:62)
	at sun.reflect.DelegatingMethodAccessorImpl.invoke(DelegatingMethodAccessorImpl.java:43)
	at java.lang.reflect.Method.invoke(Method.java:498)
	at org.testng.internal.MethodInvocationHelper.invokeMethod(MethodInvocationHelper.java:84)
	at org.testng.internal.Invoker.invokeMethod(Invoker.java:714)
	at org.testng.internal.Invoker.invokeTestMethod(Invoker.java:901)
	at org.testng.internal.Invoker.invokeTestMethods(Invoker.java:1231)
	at org.testng.internal.TestMethodWorker.invokeTestMethods(TestMethodWorker.java:127)
	at org.testng.internal.TestMethodWorker.run(TestMethodWorker.java:111)
	at org.testng.TestRunner.privateRun(TestRunner.java:767)
	at org.testng.TestRunner.run(TestRunner.java:617)
	at org.testng.SuiteRunner.runTest(SuiteRunner.java:334)
	at org.testng.SuiteRunner.runSequentially(SuiteRunner.java:329)
	at org.testng.SuiteRunner.privateRun(SuiteRunner.java:291)
	at org.testng.SuiteRunner.run(SuiteRunner.java:240)
	at org.testng.SuiteRunnerWorker.runSuite(SuiteRunnerWorker.java:52)
	at org.testng.SuiteRunnerWorker.run(SuiteRunnerWorker.java:86)
	at org.testng.TestNG.runSuitesSequentially(TestNG.java:1224)
	at org.testng.TestNG.runSuitesLocally(TestNG.java:1149)
	at org.testng.TestNG.run(TestNG.java:1057)
	at org.apache.maven.surefire.testng.TestNGExecutor.run(TestNGExecutor.java:70)
	at org.apache.maven.surefire.testng.TestNGDirectoryTestSuite.executeMulti(TestNGDirectoryTestSuite.java:158)
	at org.apache.maven.surefire.testng.TestNGDirectoryTestSuite.execute(TestNGDirectoryTestSuite.java:98)
	at org.apache.maven.surefire.testng.TestNGProvider.invoke(TestNGProvider.java:111)
	at sun.reflect.NativeMethodAccessorImpl.invoke0(Native Method)
	at sun.reflect.NativeMethodAccessorImpl.invoke(NativeMethodAccessorImpl.java:62)
	at sun.reflect.DelegatingMethodAccessorImpl.invoke(DelegatingMethodAccessorImpl.java:43)
	at java.lang.reflect.Method.invoke(Method.java:498)
	at org.apache.maven.surefire.util.ReflectionUtils.invokeMethodWithArray(ReflectionUtils.java:164)
	at org.apache.maven.surefire.booter.ProviderFactory$ProviderProxy.invoke(ProviderFactory.java:110)
	at org.apache.maven.surefire.booter.SurefireStarter.invokeProvider(SurefireStarter.java:175)
	at org.apache.maven.surefire.booter.SurefireStarter.runSuitesInProcessWhenForked(SurefireStarter.java:107)
	at org.apache.maven.surefire.booter.ForkedBooter.main(ForkedBooter.java:68)
]]>
            </full-stacktrace>
          </exception> <!-- java.lang.IllegalArgumentException -->
          <reporter-output>
          </reporter-output>
        </test-method> <!-- lessThanTwoSlotsShouldThrowIAE -->
        <test-method status="PASS" signature="testCounterWithSimulatedRuns(int, [I, [J)[pri:0, instance:storm.starter.tools.SlidingWindowCounterTest@6276ae34]" name="testCounterWithSimulatedRuns" duration-ms="0" started-at="2017-05-25T13:57:04Z" data-provider="simulatedCounterIterations" finished-at="2017-05-25T13:57:04Z">
          <params>
            <param index="0">
              <value>
                <![CDATA[3]]>
              </value>
            </param>
            <param index="1">
              <value>
                <![CDATA[[I@4c39bec8]]>
              </value>
            </param>
            <param index="2">
              <value>
                <![CDATA[[J@f79e]]>
              </value>
            </param>
          </params>
          <reporter-output>
          </reporter-output>
        </test-method> <!-- testCounterWithSimulatedRuns -->
        <test-method status="PASS" signature="testCounterWithSimulatedRuns(int, [I, [J)[pri:0, instance:storm.starter.tools.SlidingWindowCounterTest@6276ae34]" name="testCounterWithSimulatedRuns" duration-ms="0" started-at="2017-05-25T13:57:04Z" data-provider="simulatedCounterIterations" finished-at="2017-05-25T13:57:04Z">
          <params>
            <param index="0">
              <value>
                <![CDATA[5]]>
              </value>
            </param>
            <param index="1">
              <value>
                <![CDATA[[I@1e178745]]>
              </value>
            </param>
            <param index="2">
              <value>
                <![CDATA[[J@192c3f1e]]>
              </value>
            </param>
          </params>
          <reporter-output>
          </reporter-output>
        </test-method> <!-- testCounterWithSimulatedRuns -->
        <test-method status="PASS" signature="testCounterWithSimulatedRuns(int, [I, [J)[pri:0, instance:storm.starter.tools.SlidingWindowCounterTest@6276ae34]" name="testCounterWithSimulatedRuns" duration-ms="0" started-at="2017-05-25T13:57:04Z" data-provider="simulatedCounterIterations" finished-at="2017-05-25T13:57:04Z">
          <params>
            <param index="0">
              <value>
                <![CDATA[4]]>
              </value>
            </param>
            <param index="1">
              <value>
                <![CDATA[[I@7ee8290b]]>
              </value>
            </param>
            <param index="2">
              <value>
                <![CDATA[[J@1f59a598]]>
              </value>
            </param>
          </params>
          <reporter-output>
          </reporter-output>
        </test-method> <!-- testCounterWithSimulatedRuns -->
        <test-method status="PASS" signature="testCounterWithSimulatedRuns(int, [I, [J)[pri:0, instance:storm.starter.tools.SlidingWindowCounterTest@6276ae34]" name="testCounterWithSimulatedRuns" duration-ms="1" started-at="2017-05-25T13:57:04Z" data-provider="simulatedCounterIterations" finished-at="2017-05-25T13:57:04Z">
          <params>
            <param index="0">
              <value>
                <![CDATA[5]]>
              </value>
            </param>
            <param index="1">
              <value>
                <![CDATA[[I@26b3fd41]]>
              </value>
            </param>
            <param index="2">
              <value>
                <![CDATA[[J@7494f96a]]>
              </value>
            </param>
          </params>
          <reporter-output>
          </reporter-output>
        </test-method> <!-- testCounterWithSimulatedRuns -->
        <test-method status="PASS" signature="twoOrMoreSlotsShouldBeValid(int)[pri:0, instance:storm.starter.tools.SlidingWindowCounterTest@6276ae34]" name="twoOrMoreSlotsShouldBeValid" duration-ms="1" started-at="2017-05-25T13:57:04Z" data-provider="legalWindowLengths" finished-at="2017-05-25T13:57:04Z">
          <params>
            <param index="0">
              <value>
                <![CDATA[2]]>
              </value>
            </param>
          </params>
          <reporter-output>
          </reporter-output>
        </test-method> <!-- twoOrMoreSlotsShouldBeValid -->
        <test-method status="PASS" signature="twoOrMoreSlotsShouldBeValid(int)[pri:0, instance:storm.starter.tools.SlidingWindowCounterTest@6276ae34]" name="twoOrMoreSlotsShouldBeValid" duration-ms="0" started-at="2017-05-25T13:57:04Z" data-provider="legalWindowLengths" finished-at="2017-05-25T13:57:04Z">
          <params>
            <param index="0">
              <value>
                <![CDATA[20]]>
              </value>
            </param>
          </params>
          <reporter-output>
          </reporter-output>
        </test-method> <!-- twoOrMoreSlotsShouldBeValid -->
        <test-method status="PASS" signature="twoOrMoreSlotsShouldBeValid(int)[pri:0, instance:storm.starter.tools.SlidingWindowCounterTest@6276ae34]" name="twoOrMoreSlotsShouldBeValid" duration-ms="0" started-at="2017-05-25T13:57:04Z" data-provider="legalWindowLengths" finished-at="2017-05-25T13:57:04Z">
          <params>
            <param index="0">
              <value>
                <![CDATA[3]]>
              </value>
            </param>
          </params>
          <reporter-output>
          </reporter-output>
        </test-method> <!-- twoOrMoreSlotsShouldBeValid -->
      </class> <!-- storm.starter.tools.SlidingWindowCounterTest -->
      <class name="storm.starter.bolt.RollingCountBoltTest">
        <test-method status="PASS" signature="shouldDeclareOutputFields()[pri:0, instance:storm.starter.bolt.RollingCountBoltTest@7ca48474]" name="shouldDeclareOutputFields" duration-ms="2" started-at="2017-05-25T13:57:04Z" finished-at="2017-05-25T13:57:04Z">
          <reporter-output>
          </reporter-output>
        </test-method> <!-- shouldDeclareOutputFields -->
        <test-method status="PASS" signature="shouldEmitNothingIfNoObjectHasBeenCountedYetAndTickTupleIsReceived()[pri:0, instance:storm.starter.bolt.RollingCountBoltTest@7ca48474]" name="shouldEmitNothingIfNoObjectHasBeenCountedYetAndTickTupleIsReceived" duration-ms="28" started-at="2017-05-25T13:57:04Z" finished-at="2017-05-25T13:57:04Z">
          <reporter-output>
          </reporter-output>
        </test-method> <!-- shouldEmitNothingIfNoObjectHasBeenCountedYetAndTickTupleIsReceived -->
        <test-method status="PASS" signature="shouldEmitSomethingIfAtLeastOneObjectWasCountedAndTickTupleIsReceived()[pri:0, instance:storm.starter.bolt.RollingCountBoltTest@7ca48474]" name="shouldEmitSomethingIfAtLeastOneObjectWasCountedAndTickTupleIsReceived" duration-ms="2" started-at="2017-05-25T13:57:04Z" finished-at="2017-05-25T13:57:04Z">
          <reporter-output>
          </reporter-output>
        </test-method> <!-- shouldEmitSomethingIfAtLeastOneObjectWasCountedAndTickTupleIsReceived -->
        <test-method status="PASS" signature="shouldSetTickTupleFrequencyInComponentConfigurationToNonZeroValue()[pri:0, instance:storm.starter.bolt.RollingCountBoltTest@7ca48474]" name="shouldSetTickTupleFrequencyInComponentConfigurationToNonZeroValue" duration-ms="0" started-at="2017-05-25T13:57:04Z" finished-at="2017-05-25T13:57:04Z">
          <reporter-output>
          </reporter-output>
        </test-method> <!-- shouldSetTickTupleFrequencyInComponentConfigurationToNonZeroValue -->
      </class> <!-- storm.starter.bolt.RollingCountBoltTest -->
      <class name="storm.starter.tools.SlotBasedCounterTest">
        <test-method status="PASS" signature="negativeOrZeroNumSlotsShouldThrowIAE(int)[pri:0, instance:storm.starter.tools.SlotBasedCounterTest@12843fce]" name="negativeOrZeroNumSlotsShouldThrowIAE" duration-ms="1" started-at="2017-05-25T13:57:04Z" data-provider="illegalNumSlotsData" finished-at="2017-05-25T13:57:04Z">
          <params>
            <param index="0">
              <value>
                <![CDATA[-3]]>
              </value>
            </param>
          </params>
          <exception class="java.lang.IllegalArgumentException">
            <message>
              <![CDATA[Number of slots must be greater than zero (you requested -3)]]>
            </message>
            <full-stacktrace>
              <![CDATA[java.lang.IllegalArgumentException: Number of slots must be greater than zero (you requested -3)
	at storm.starter.tools.SlotBasedCounter.<init>(SlotBasedCounter.java:25)
	at storm.starter.tools.SlotBasedCounterTest.negativeOrZeroNumSlotsShouldThrowIAE(SlotBasedCounterTest.java:23)
	at sun.reflect.NativeMethodAccessorImpl.invoke0(Native Method)
	at sun.reflect.NativeMethodAccessorImpl.invoke(NativeMethodAccessorImpl.java:62)
	at sun.reflect.DelegatingMethodAccessorImpl.invoke(DelegatingMethodAccessorImpl.java:43)
	at java.lang.reflect.Method.invoke(Method.java:498)
	at org.testng.internal.MethodInvocationHelper.invokeMethod(MethodInvocationHelper.java:84)
	at org.testng.internal.Invoker.invokeMethod(Invoker.java:714)
	at org.testng.internal.Invoker.invokeTestMethod(Invoker.java:901)
	at org.testng.internal.Invoker.invokeTestMethods(Invoker.java:1231)
	at org.testng.internal.TestMethodWorker.invokeTestMethods(TestMethodWorker.java:127)
	at org.testng.internal.TestMethodWorker.run(TestMethodWorker.java:111)
	at org.testng.TestRunner.privateRun(TestRunner.java:767)
	at org.testng.TestRunner.run(TestRunner.java:617)
	at org.testng.SuiteRunner.runTest(SuiteRunner.java:334)
	at org.testng.SuiteRunner.runSequentially(SuiteRunner.java:329)
	at org.testng.SuiteRunner.privateRun(SuiteRunner.java:291)
	at org.testng.SuiteRunner.run(SuiteRunner.java:240)
	at org.testng.SuiteRunnerWorker.runSuite(SuiteRunnerWorker.java:52)
	at org.testng.SuiteRunnerWorker.run(SuiteRunnerWorker.java:86)
	at org.testng.TestNG.runSuitesSequentially(TestNG.java:1224)
	at org.testng.TestNG.runSuitesLocally(TestNG.java:1149)
	at org.testng.TestNG.run(TestNG.java:1057)
	at org.apache.maven.surefire.testng.TestNGExecutor.run(TestNGExecutor.java:70)
	at org.apache.maven.surefire.testng.TestNGDirectoryTestSuite.executeMulti(TestNGDirectoryTestSuite.java:158)
	at org.apache.maven.surefire.testng.TestNGDirectoryTestSuite.execute(TestNGDirectoryTestSuite.java:98)
	at org.apache.maven.surefire.testng.TestNGProvider.invoke(TestNGProvider.java:111)
	at sun.reflect.NativeMethodAccessorImpl.invoke0(Native Method)
	at sun.reflect.NativeMethodAccessorImpl.invoke(NativeMethodAccessorImpl.java:62)
	at sun.reflect.DelegatingMethodAccessorImpl.invoke(DelegatingMethodAccessorImpl.java:43)
	at java.lang.reflect.Method.invoke(Method.java:498)
	at org.apache.maven.surefire.util.ReflectionUtils.invokeMethodWithArray(ReflectionUtils.java:164)
	at org.apache.maven.surefire.booter.ProviderFactory$ProviderProxy.invoke(ProviderFactory.java:110)
	at org.apache.maven.surefire.booter.SurefireStarter.invokeProvider(SurefireStarter.java:175)
	at org.apache.maven.surefire.booter.SurefireStarter.runSuitesInProcessWhenForked(SurefireStarter.java:107)
	at org.apache.maven.surefire.booter.ForkedBooter.main(ForkedBooter.java:68)
]]>
            </full-stacktrace>
          </exception> <!-- java.lang.IllegalArgumentException -->
          <reporter-output>
          </reporter-output>
        </test-method> <!-- negativeOrZeroNumSlotsShouldThrowIAE -->
        <test-method status="PASS" signature="negativeOrZeroNumSlotsShouldThrowIAE(int)[pri:0, instance:storm.starter.tools.SlotBasedCounterTest@12843fce]" name="negativeOrZeroNumSlotsShouldThrowIAE" duration-ms="0" started-at="2017-05-25T13:57:04Z" data-provider="illegalNumSlotsData" finished-at="2017-05-25T13:57:04Z">
          <params>
            <param index="0">
              <value>
                <![CDATA[-10]]>
              </value>
            </param>
          </params>
          <exception class="java.lang.IllegalArgumentException">
            <message>
              <![CDATA[Number of slots must be greater than zero (you requested -10)]]>
            </message>
            <full-stacktrace>
              <![CDATA[java.lang.IllegalArgumentException: Number of slots must be greater than zero (you requested -10)
	at storm.starter.tools.SlotBasedCounter.<init>(SlotBasedCounter.java:25)
	at storm.starter.tools.SlotBasedCounterTest.negativeOrZeroNumSlotsShouldThrowIAE(SlotBasedCounterTest.java:23)
	at sun.reflect.NativeMethodAccessorImpl.invoke0(Native Method)
	at sun.reflect.NativeMethodAccessorImpl.invoke(NativeMethodAccessorImpl.java:62)
	at sun.reflect.DelegatingMethodAccessorImpl.invoke(DelegatingMethodAccessorImpl.java:43)
	at java.lang.reflect.Method.invoke(Method.java:498)
	at org.testng.internal.MethodInvocationHelper.invokeMethod(MethodInvocationHelper.java:84)
	at org.testng.internal.Invoker.invokeMethod(Invoker.java:714)
	at org.testng.internal.Invoker.invokeTestMethod(Invoker.java:901)
	at org.testng.internal.Invoker.invokeTestMethods(Invoker.java:1231)
	at org.testng.internal.TestMethodWorker.invokeTestMethods(TestMethodWorker.java:127)
	at org.testng.internal.TestMethodWorker.run(TestMethodWorker.java:111)
	at org.testng.TestRunner.privateRun(TestRunner.java:767)
	at org.testng.TestRunner.run(TestRunner.java:617)
	at org.testng.SuiteRunner.runTest(SuiteRunner.java:334)
	at org.testng.SuiteRunner.runSequentially(SuiteRunner.java:329)
	at org.testng.SuiteRunner.privateRun(SuiteRunner.java:291)
	at org.testng.SuiteRunner.run(SuiteRunner.java:240)
	at org.testng.SuiteRunnerWorker.runSuite(SuiteRunnerWorker.java:52)
	at org.testng.SuiteRunnerWorker.run(SuiteRunnerWorker.java:86)
	at org.testng.TestNG.runSuitesSequentially(TestNG.java:1224)
	at org.testng.TestNG.runSuitesLocally(TestNG.java:1149)
	at org.testng.TestNG.run(TestNG.java:1057)
	at org.apache.maven.surefire.testng.TestNGExecutor.run(TestNGExecutor.java:70)
	at org.apache.maven.surefire.testng.TestNGDirectoryTestSuite.executeMulti(TestNGDirectoryTestSuite.java:158)
	at org.apache.maven.surefire.testng.TestNGDirectoryTestSuite.execute(TestNGDirectoryTestSuite.java:98)
	at org.apache.maven.surefire.testng.TestNGProvider.invoke(TestNGProvider.java:111)
	at sun.reflect.NativeMethodAccessorImpl.invoke0(Native Method)
	at sun.reflect.NativeMethodAccessorImpl.invoke(NativeMethodAccessorImpl.java:62)
	at sun.reflect.DelegatingMethodAccessorImpl.invoke(DelegatingMethodAccessorImpl.java:43)
	at java.lang.reflect.Method.invoke(Method.java:498)
	at org.apache.maven.surefire.util.ReflectionUtils.invokeMethodWithArray(ReflectionUtils.java:164)
	at org.apache.maven.surefire.booter.ProviderFactory$ProviderProxy.invoke(ProviderFactory.java:110)
	at org.apache.maven.surefire.booter.SurefireStarter.invokeProvider(SurefireStarter.java:175)
	at org.apache.maven.surefire.booter.SurefireStarter.runSuitesInProcessWhenForked(SurefireStarter.java:107)
	at org.apache.maven.surefire.booter.ForkedBooter.main(ForkedBooter.java:68)
]]>
            </full-stacktrace>
          </exception> <!-- java.lang.IllegalArgumentException -->
          <reporter-output>
          </reporter-output>
        </test-method> <!-- negativeOrZeroNumSlotsShouldThrowIAE -->
        <test-method status="PASS" signature="negativeOrZeroNumSlotsShouldThrowIAE(int)[pri:0, instance:storm.starter.tools.SlotBasedCounterTest@12843fce]" name="negativeOrZeroNumSlotsShouldThrowIAE" duration-ms="0" started-at="2017-05-25T13:57:04Z" data-provider="illegalNumSlotsData" finished-at="2017-05-25T13:57:04Z">
          <params>
            <param index="0">
              <value>
                <![CDATA[0]]>
              </value>
            </param>
          </params>
          <exception class="java.lang.IllegalArgumentException">
            <message>
              <![CDATA[Number of slots must be greater than zero (you requested 0)]]>
            </message>
            <full-stacktrace>
              <![CDATA[java.lang.IllegalArgumentException: Number of slots must be greater than zero (you requested 0)
	at storm.starter.tools.SlotBasedCounter.<init>(SlotBasedCounter.java:25)
	at storm.starter.tools.SlotBasedCounterTest.negativeOrZeroNumSlotsShouldThrowIAE(SlotBasedCounterTest.java:23)
	at sun.reflect.NativeMethodAccessorImpl.invoke0(Native Method)
	at sun.reflect.NativeMethodAccessorImpl.invoke(NativeMethodAccessorImpl.java:62)
	at sun.reflect.DelegatingMethodAccessorImpl.invoke(DelegatingMethodAccessorImpl.java:43)
	at java.lang.reflect.Method.invoke(Method.java:498)
	at org.testng.internal.MethodInvocationHelper.invokeMethod(MethodInvocationHelper.java:84)
	at org.testng.internal.Invoker.invokeMethod(Invoker.java:714)
	at org.testng.internal.Invoker.invokeTestMethod(Invoker.java:901)
	at org.testng.internal.Invoker.invokeTestMethods(Invoker.java:1231)
	at org.testng.internal.TestMethodWorker.invokeTestMethods(TestMethodWorker.java:127)
	at org.testng.internal.TestMethodWorker.run(TestMethodWorker.java:111)
	at org.testng.TestRunner.privateRun(TestRunner.java:767)
	at org.testng.TestRunner.run(TestRunner.java:617)
	at org.testng.SuiteRunner.runTest(SuiteRunner.java:334)
	at org.testng.SuiteRunner.runSequentially(SuiteRunner.java:329)
	at org.testng.SuiteRunner.privateRun(SuiteRunner.java:291)
	at org.testng.SuiteRunner.run(SuiteRunner.java:240)
	at org.testng.SuiteRunnerWorker.runSuite(SuiteRunnerWorker.java:52)
	at org.testng.SuiteRunnerWorker.run(SuiteRunnerWorker.java:86)
	at org.testng.TestNG.runSuitesSequentially(TestNG.java:1224)
	at org.testng.TestNG.runSuitesLocally(TestNG.java:1149)
	at org.testng.TestNG.run(TestNG.java:1057)
	at org.apache.maven.surefire.testng.TestNGExecutor.run(TestNGExecutor.java:70)
	at org.apache.maven.surefire.testng.TestNGDirectoryTestSuite.executeMulti(TestNGDirectoryTestSuite.java:158)
	at org.apache.maven.surefire.testng.TestNGDirectoryTestSuite.execute(TestNGDirectoryTestSuite.java:98)
	at org.apache.maven.surefire.testng.TestNGProvider.invoke(TestNGProvider.java:111)
	at sun.reflect.NativeMethodAccessorImpl.invoke0(Native Method)
	at sun.reflect.NativeMethodAccessorImpl.invoke(NativeMethodAccessorImpl.java:62)
	at sun.reflect.DelegatingMethodAccessorImpl.invoke(DelegatingMethodAccessorImpl.java:43)
	at java.lang.reflect.Method.invoke(Method.java:498)
	at org.apache.maven.surefire.util.ReflectionUtils.invokeMethodWithArray(ReflectionUtils.java:164)
	at org.apache.maven.surefire.booter.ProviderFactory$ProviderProxy.invoke(ProviderFactory.java:110)
	at org.apache.maven.surefire.booter.SurefireStarter.invokeProvider(SurefireStarter.java:175)
	at org.apache.maven.surefire.booter.SurefireStarter.runSuitesInProcessWhenForked(SurefireStarter.java:107)
	at org.apache.maven.surefire.booter.ForkedBooter.main(ForkedBooter.java:68)
]]>
            </full-stacktrace>
          </exception> <!-- java.lang.IllegalArgumentException -->
          <reporter-output>
          </reporter-output>
        </test-method> <!-- negativeOrZeroNumSlotsShouldThrowIAE -->
        <test-method status="PASS" signature="negativeOrZeroNumSlotsShouldThrowIAE(int)[pri:0, instance:storm.starter.tools.SlotBasedCounterTest@12843fce]" name="negativeOrZeroNumSlotsShouldThrowIAE" duration-ms="0" started-at="2017-05-25T13:57:04Z" data-provider="illegalNumSlotsData" finished-at="2017-05-25T13:57:04Z">
          <params>
            <param index="0">
              <value>
                <![CDATA[-1]]>
              </value>
            </param>
          </params>
          <exception class="java.lang.IllegalArgumentException">
            <message>
              <![CDATA[Number of slots must be greater than zero (you requested -1)]]>
            </message>
            <full-stacktrace>
              <![CDATA[java.lang.IllegalArgumentException: Number of slots must be greater than zero (you requested -1)
	at storm.starter.tools.SlotBasedCounter.<init>(SlotBasedCounter.java:25)
	at storm.starter.tools.SlotBasedCounterTest.negativeOrZeroNumSlotsShouldThrowIAE(SlotBasedCounterTest.java:23)
	at sun.reflect.NativeMethodAccessorImpl.invoke0(Native Method)
	at sun.reflect.NativeMethodAccessorImpl.invoke(NativeMethodAccessorImpl.java:62)
	at sun.reflect.DelegatingMethodAccessorImpl.invoke(DelegatingMethodAccessorImpl.java:43)
	at java.lang.reflect.Method.invoke(Method.java:498)
	at org.testng.internal.MethodInvocationHelper.invokeMethod(MethodInvocationHelper.java:84)
	at org.testng.internal.Invoker.invokeMethod(Invoker.java:714)
	at org.testng.internal.Invoker.invokeTestMethod(Invoker.java:901)
	at org.testng.internal.Invoker.invokeTestMethods(Invoker.java:1231)
	at org.testng.internal.TestMethodWorker.invokeTestMethods(TestMethodWorker.java:127)
	at org.testng.internal.TestMethodWorker.run(TestMethodWorker.java:111)
	at org.testng.TestRunner.privateRun(TestRunner.java:767)
	at org.testng.TestRunner.run(TestRunner.java:617)
	at org.testng.SuiteRunner.runTest(SuiteRunner.java:334)
	at org.testng.SuiteRunner.runSequentially(SuiteRunner.java:329)
	at org.testng.SuiteRunner.privateRun(SuiteRunner.java:291)
	at org.testng.SuiteRunner.run(SuiteRunner.java:240)
	at org.testng.SuiteRunnerWorker.runSuite(SuiteRunnerWorker.java:52)
	at org.testng.SuiteRunnerWorker.run(SuiteRunnerWorker.java:86)
	at org.testng.TestNG.runSuitesSequentially(TestNG.java:1224)
	at org.testng.TestNG.runSuitesLocally(TestNG.java:1149)
	at org.testng.TestNG.run(TestNG.java:1057)
	at org.apache.maven.surefire.testng.TestNGExecutor.run(TestNGExecutor.java:70)
	at org.apache.maven.surefire.testng.TestNGDirectoryTestSuite.executeMulti(TestNGDirectoryTestSuite.java:158)
	at org.apache.maven.surefire.testng.TestNGDirectoryTestSuite.execute(TestNGDirectoryTestSuite.java:98)
	at org.apache.maven.surefire.testng.TestNGProvider.invoke(TestNGProvider.java:111)
	at sun.reflect.NativeMethodAccessorImpl.invoke0(Native Method)
	at sun.reflect.NativeMethodAccessorImpl.invoke(NativeMethodAccessorImpl.java:62)
	at sun.reflect.DelegatingMethodAccessorImpl.invoke(DelegatingMethodAccessorImpl.java:43)
	at java.lang.reflect.Method.invoke(Method.java:498)
	at org.apache.maven.surefire.util.ReflectionUtils.invokeMethodWithArray(ReflectionUtils.java:164)
	at org.apache.maven.surefire.booter.ProviderFactory$ProviderProxy.invoke(ProviderFactory.java:110)
	at org.apache.maven.surefire.booter.SurefireStarter.invokeProvider(SurefireStarter.java:175)
	at org.apache.maven.surefire.booter.SurefireStarter.runSuitesInProcessWhenForked(SurefireStarter.java:107)
	at org.apache.maven.surefire.booter.ForkedBooter.main(ForkedBooter.java:68)
]]>
            </full-stacktrace>
          </exception> <!-- java.lang.IllegalArgumentException -->
          <reporter-output>
          </reporter-output>
        </test-method> <!-- negativeOrZeroNumSlotsShouldThrowIAE -->
        <test-method status="PASS" signature="negativeOrZeroNumSlotsShouldThrowIAE(int)[pri:0, instance:storm.starter.tools.SlotBasedCounterTest@12843fce]" name="negativeOrZeroNumSlotsShouldThrowIAE" duration-ms="0" started-at="2017-05-25T13:57:04Z" data-provider="illegalNumSlotsData" finished-at="2017-05-25T13:57:04Z">
          <params>
            <param index="0">
              <value>
                <![CDATA[-2]]>
              </value>
            </param>
          </params>
          <exception class="java.lang.IllegalArgumentException">
            <message>
              <![CDATA[Number of slots must be greater than zero (you requested -2)]]>
            </message>
            <full-stacktrace>
              <![CDATA[java.lang.IllegalArgumentException: Number of slots must be greater than zero (you requested -2)
	at storm.starter.tools.SlotBasedCounter.<init>(SlotBasedCounter.java:25)
	at storm.starter.tools.SlotBasedCounterTest.negativeOrZeroNumSlotsShouldThrowIAE(SlotBasedCounterTest.java:23)
	at sun.reflect.NativeMethodAccessorImpl.invoke0(Native Method)
	at sun.reflect.NativeMethodAccessorImpl.invoke(NativeMethodAccessorImpl.java:62)
	at sun.reflect.DelegatingMethodAccessorImpl.invoke(DelegatingMethodAccessorImpl.java:43)
	at java.lang.reflect.Method.invoke(Method.java:498)
	at org.testng.internal.MethodInvocationHelper.invokeMethod(MethodInvocationHelper.java:84)
	at org.testng.internal.Invoker.invokeMethod(Invoker.java:714)
	at org.testng.internal.Invoker.invokeTestMethod(Invoker.java:901)
	at org.testng.internal.Invoker.invokeTestMethods(Invoker.java:1231)
	at org.testng.internal.TestMethodWorker.invokeTestMethods(TestMethodWorker.java:127)
	at org.testng.internal.TestMethodWorker.run(TestMethodWorker.java:111)
	at org.testng.TestRunner.privateRun(TestRunner.java:767)
	at org.testng.TestRunner.run(TestRunner.java:617)
	at org.testng.SuiteRunner.runTest(SuiteRunner.java:334)
	at org.testng.SuiteRunner.runSequentially(SuiteRunner.java:329)
	at org.testng.SuiteRunner.privateRun(SuiteRunner.java:291)
	at org.testng.SuiteRunner.run(SuiteRunner.java:240)
	at org.testng.SuiteRunnerWorker.runSuite(SuiteRunnerWorker.java:52)
	at org.testng.SuiteRunnerWorker.run(SuiteRunnerWorker.java:86)
	at org.testng.TestNG.runSuitesSequentially(TestNG.java:1224)
	at org.testng.TestNG.runSuitesLocally(TestNG.java:1149)
	at org.testng.TestNG.run(TestNG.java:1057)
	at org.apache.maven.surefire.testng.TestNGExecutor.run(TestNGExecutor.java:70)
	at org.apache.maven.surefire.testng.TestNGDirectoryTestSuite.executeMulti(TestNGDirectoryTestSuite.java:158)
	at org.apache.maven.surefire.testng.TestNGDirectoryTestSuite.execute(TestNGDirectoryTestSuite.java:98)
	at org.apache.maven.surefire.testng.TestNGProvider.invoke(TestNGProvider.java:111)
	at sun.reflect.NativeMethodAccessorImpl.invoke0(Native Method)
	at sun.reflect.NativeMethodAccessorImpl.invoke(NativeMethodAccessorImpl.java:62)
	at sun.reflect.DelegatingMethodAccessorImpl.invoke(DelegatingMethodAccessorImpl.java:43)
	at java.lang.reflect.Method.invoke(Method.java:498)
	at org.apache.maven.surefire.util.ReflectionUtils.invokeMethodWithArray(ReflectionUtils.java:164)
	at org.apache.maven.surefire.booter.ProviderFactory$ProviderProxy.invoke(ProviderFactory.java:110)
	at org.apache.maven.surefire.booter.SurefireStarter.invokeProvider(SurefireStarter.java:175)
	at org.apache.maven.surefire.booter.SurefireStarter.runSuitesInProcessWhenForked(SurefireStarter.java:107)
	at org.apache.maven.surefire.booter.ForkedBooter.main(ForkedBooter.java:68)
]]>
            </full-stacktrace>
          </exception> <!-- java.lang.IllegalArgumentException -->
          <reporter-output>
          </reporter-output>
        </test-method> <!-- negativeOrZeroNumSlotsShouldThrowIAE -->
        <test-method status="PASS" signature="positiveNumSlotsShouldBeOk(int)[pri:0, instance:storm.starter.tools.SlotBasedCounterTest@12843fce]" name="positiveNumSlotsShouldBeOk" duration-ms="0" started-at="2017-05-25T13:57:04Z" data-provider="legalNumSlotsData" finished-at="2017-05-25T13:57:04Z">
          <params>
            <param index="0">
              <value>
                <![CDATA[2]]>
              </value>
            </param>
          </params>
          <reporter-output>
          </reporter-output>
        </test-method> <!-- positiveNumSlotsShouldBeOk -->
        <test-method status="PASS" signature="positiveNumSlotsShouldBeOk(int)[pri:0, instance:storm.starter.tools.SlotBasedCounterTest@12843fce]" name="positiveNumSlotsShouldBeOk" duration-ms="0" started-at="2017-05-25T13:57:04Z" data-provider="legalNumSlotsData" finished-at="2017-05-25T13:57:04Z">
          <params>
            <param index="0">
              <value>
                <![CDATA[3]]>
              </value>
            </param>
          </params>
          <reporter-output>
          </reporter-output>
        </test-method> <!-- positiveNumSlotsShouldBeOk -->
        <test-method status="PASS" signature="positiveNumSlotsShouldBeOk(int)[pri:0, instance:storm.starter.tools.SlotBasedCounterTest@12843fce]" name="positiveNumSlotsShouldBeOk" duration-ms="0" started-at="2017-05-25T13:57:04Z" data-provider="legalNumSlotsData" finished-at="2017-05-25T13:57:04Z">
          <params>
            <param index="0">
              <value>
                <![CDATA[1]]>
              </value>
            </param>
          </params>
          <reporter-output>
          </reporter-output>
        </test-method> <!-- positiveNumSlotsShouldBeOk -->
        <test-method status="PASS" signature="newInstanceShouldHaveEmptyCounts()[pri:0, instance:storm.starter.tools.SlotBasedCounterTest@12843fce]" name="newInstanceShouldHaveEmptyCounts" duration-ms="0" started-at="2017-05-25T13:57:04Z" finished-at="2017-05-25T13:57:04Z">
          <reporter-output>
          </reporter-output>
        </test-method> <!-- newInstanceShouldHaveEmptyCounts -->
        <test-method status="PASS" signature="shouldReturnNonEmptyCountsWhenAtLeastOneObjectWasCounted()[pri:0, instance:storm.starter.tools.SlotBasedCounterTest@12843fce]" name="shouldReturnNonEmptyCountsWhenAtLeastOneObjectWasCounted" duration-ms="1" started-at="2017-05-25T13:57:04Z" finished-at="2017-05-25T13:57:04Z">
          <reporter-output>
          </reporter-output>
        </test-method> <!-- shouldReturnNonEmptyCountsWhenAtLeastOneObjectWasCounted -->
        <test-method status="PASS" signature="shouldIncrementCount([Ljava.lang.Object;, [I)[pri:0, instance:storm.starter.tools.SlotBasedCounterTest@12843fce]" name="shouldIncrementCount" duration-ms="0" started-at="2017-05-25T13:57:04Z" data-provider="incrementCountData" finished-at="2017-05-25T13:57:04Z">
          <params>
            <param index="0">
              <value>
                <![CDATA[[Ljava.lang.String;@37ceb1df]]>
              </value>
            </param>
            <param index="1">
              <value>
                <![CDATA[[I@7c9d8e2]]>
              </value>
            </param>
          </params>
          <reporter-output>
          </reporter-output>
        </test-method> <!-- shouldIncrementCount -->
        <test-method status="PASS" signature="positiveNumSlotsShouldBeOk(int)[pri:0, instance:storm.starter.tools.SlotBasedCounterTest@12843fce]" name="positiveNumSlotsShouldBeOk" duration-ms="0" started-at="2017-05-25T13:57:04Z" data-provider="legalNumSlotsData" finished-at="2017-05-25T13:57:04Z">
          <params>
            <param index="0">
              <value>
                <![CDATA[20]]>
              </value>
            </param>
          </params>
          <reporter-output>
          </reporter-output>
        </test-method> <!-- positiveNumSlotsShouldBeOk -->
        <test-method status="PASS" signature="shouldIncrementCountOnlyOneSlotAtATime()[pri:0, instance:storm.starter.tools.SlotBasedCounterTest@12843fce]" name="shouldIncrementCountOnlyOneSlotAtATime" duration-ms="0" started-at="2017-05-25T13:57:04Z" finished-at="2017-05-25T13:57:04Z">
          <reporter-output>
          </reporter-output>
        </test-method> <!-- shouldIncrementCountOnlyOneSlotAtATime -->
        <test-method status="PASS" signature="wipeZerosShouldRemoveAnyObjectsWithZeroTotalCount()[pri:0, instance:storm.starter.tools.SlotBasedCounterTest@12843fce]" name="wipeZerosShouldRemoveAnyObjectsWithZeroTotalCount" duration-ms="0" started-at="2017-05-25T13:57:04Z" finished-at="2017-05-25T13:57:04Z">
          <reporter-output>
          </reporter-output>
        </test-method> <!-- wipeZerosShouldRemoveAnyObjectsWithZeroTotalCount -->
        <test-method status="PASS" signature="wipeSlotShouldSetAllCountsInSlotToZero()[pri:0, instance:storm.starter.tools.SlotBasedCounterTest@12843fce]" name="wipeSlotShouldSetAllCountsInSlotToZero" duration-ms="0" started-at="2017-05-25T13:57:04Z" finished-at="2017-05-25T13:57:04Z">
          <reporter-output>
          </reporter-output>
        </test-method> <!-- wipeSlotShouldSetAllCountsInSlotToZero -->
        <test-method status="PASS" signature="shouldReturnZeroForNonexistentObject()[pri:0, instance:storm.starter.tools.SlotBasedCounterTest@12843fce]" name="shouldReturnZeroForNonexistentObject" duration-ms="0" started-at="2017-05-25T13:57:04Z" finished-at="2017-05-25T13:57:04Z">
          <reporter-output>
          </reporter-output>
        </test-method> <!-- shouldReturnZeroForNonexistentObject -->
      </class> <!-- storm.starter.tools.SlotBasedCounterTest -->
      <class name="storm.starter.tools.NthLastModifiedTimeTrackerTest">
        <test-method status="PASS" signature="negativeOrZeroNumTimesToTrackShouldThrowIAE(int)[pri:0, instance:storm.starter.tools.NthLastModifiedTimeTrackerTest@2c9f9fb0]" name="negativeOrZeroNumTimesToTrackShouldThrowIAE" duration-ms="1" started-at="2017-05-25T13:57:04Z" data-provider="illegalNumTimesData" finished-at="2017-05-25T13:57:04Z">
          <params>
            <param index="0">
              <value>
                <![CDATA[-10]]>
              </value>
            </param>
          </params>
          <exception class="java.lang.IllegalArgumentException">
            <message>
              <![CDATA[numTimesToTrack must be greater than zero (you requested -10)]]>
            </message>
            <full-stacktrace>
              <![CDATA[java.lang.IllegalArgumentException: numTimesToTrack must be greater than zero (you requested -10)
	at storm.starter.tools.NthLastModifiedTimeTracker.<init>(NthLastModifiedTimeTracker.java:22)
	at storm.starter.tools.NthLastModifiedTimeTrackerTest.negativeOrZeroNumTimesToTrackShouldThrowIAE(NthLastModifiedTimeTrackerTest.java:21)
	at sun.reflect.NativeMethodAccessorImpl.invoke0(Native Method)
	at sun.reflect.NativeMethodAccessorImpl.invoke(NativeMethodAccessorImpl.java:62)
	at sun.reflect.DelegatingMethodAccessorImpl.invoke(DelegatingMethodAccessorImpl.java:43)
	at java.lang.reflect.Method.invoke(Method.java:498)
	at org.testng.internal.MethodInvocationHelper.invokeMethod(MethodInvocationHelper.java:84)
	at org.testng.internal.Invoker.invokeMethod(Invoker.java:714)
	at org.testng.internal.Invoker.invokeTestMethod(Invoker.java:901)
	at org.testng.internal.Invoker.invokeTestMethods(Invoker.java:1231)
	at org.testng.internal.TestMethodWorker.invokeTestMethods(TestMethodWorker.java:127)
	at org.testng.internal.TestMethodWorker.run(TestMethodWorker.java:111)
	at org.testng.TestRunner.privateRun(TestRunner.java:767)
	at org.testng.TestRunner.run(TestRunner.java:617)
	at org.testng.SuiteRunner.runTest(SuiteRunner.java:334)
	at org.testng.SuiteRunner.runSequentially(SuiteRunner.java:329)
	at org.testng.SuiteRunner.privateRun(SuiteRunner.java:291)
	at org.testng.SuiteRunner.run(SuiteRunner.java:240)
	at org.testng.SuiteRunnerWorker.runSuite(SuiteRunnerWorker.java:52)
	at org.testng.SuiteRunnerWorker.run(SuiteRunnerWorker.java:86)
	at org.testng.TestNG.runSuitesSequentially(TestNG.java:1224)
	at org.testng.TestNG.runSuitesLocally(TestNG.java:1149)
	at org.testng.TestNG.run(TestNG.java:1057)
	at org.apache.maven.surefire.testng.TestNGExecutor.run(TestNGExecutor.java:70)
	at org.apache.maven.surefire.testng.TestNGDirectoryTestSuite.executeMulti(TestNGDirectoryTestSuite.java:158)
	at org.apache.maven.surefire.testng.TestNGDirectoryTestSuite.execute(TestNGDirectoryTestSuite.java:98)
	at org.apache.maven.surefire.testng.TestNGProvider.invoke(TestNGProvider.java:111)
	at sun.reflect.NativeMethodAccessorImpl.invoke0(Native Method)
	at sun.reflect.NativeMethodAccessorImpl.invoke(NativeMethodAccessorImpl.java:62)
	at sun.reflect.DelegatingMethodAccessorImpl.invoke(DelegatingMethodAccessorImpl.java:43)
	at java.lang.reflect.Method.invoke(Method.java:498)
	at org.apache.maven.surefire.util.ReflectionUtils.invokeMethodWithArray(ReflectionUtils.java:164)
	at org.apache.maven.surefire.booter.ProviderFactory$ProviderProxy.invoke(ProviderFactory.java:110)
	at org.apache.maven.surefire.booter.SurefireStarter.invokeProvider(SurefireStarter.java:175)
	at org.apache.maven.surefire.booter.SurefireStarter.runSuitesInProcessWhenForked(SurefireStarter.java:107)
	at org.apache.maven.surefire.booter.ForkedBooter.main(ForkedBooter.java:68)
]]>
            </full-stacktrace>
          </exception> <!-- java.lang.IllegalArgumentException -->
          <reporter-output>
          </reporter-output>
        </test-method> <!-- negativeOrZeroNumTimesToTrackShouldThrowIAE -->
        <test-method status="PASS" signature="negativeOrZeroNumTimesToTrackShouldThrowIAE(int)[pri:0, instance:storm.starter.tools.NthLastModifiedTimeTrackerTest@2c9f9fb0]" name="negativeOrZeroNumTimesToTrackShouldThrowIAE" duration-ms="0" started-at="2017-05-25T13:57:04Z" data-provider="illegalNumTimesData" finished-at="2017-05-25T13:57:04Z">
          <params>
            <param index="0">
              <value>
                <![CDATA[-1]]>
              </value>
            </param>
          </params>
          <exception class="java.lang.IllegalArgumentException">
            <message>
              <![CDATA[numTimesToTrack must be greater than zero (you requested -1)]]>
            </message>
            <full-stacktrace>
              <![CDATA[java.lang.IllegalArgumentException: numTimesToTrack must be greater than zero (you requested -1)
	at storm.starter.tools.NthLastModifiedTimeTracker.<init>(NthLastModifiedTimeTracker.java:22)
	at storm.starter.tools.NthLastModifiedTimeTrackerTest.negativeOrZeroNumTimesToTrackShouldThrowIAE(NthLastModifiedTimeTrackerTest.java:21)
	at sun.reflect.NativeMethodAccessorImpl.invoke0(Native Method)
	at sun.reflect.NativeMethodAccessorImpl.invoke(NativeMethodAccessorImpl.java:62)
	at sun.reflect.DelegatingMethodAccessorImpl.invoke(DelegatingMethodAccessorImpl.java:43)
	at java.lang.reflect.Method.invoke(Method.java:498)
	at org.testng.internal.MethodInvocationHelper.invokeMethod(MethodInvocationHelper.java:84)
	at org.testng.internal.Invoker.invokeMethod(Invoker.java:714)
	at org.testng.internal.Invoker.invokeTestMethod(Invoker.java:901)
	at org.testng.internal.Invoker.invokeTestMethods(Invoker.java:1231)
	at org.testng.internal.TestMethodWorker.invokeTestMethods(TestMethodWorker.java:127)
	at org.testng.internal.TestMethodWorker.run(TestMethodWorker.java:111)
	at org.testng.TestRunner.privateRun(TestRunner.java:767)
	at org.testng.TestRunner.run(TestRunner.java:617)
	at org.testng.SuiteRunner.runTest(SuiteRunner.java:334)
	at org.testng.SuiteRunner.runSequentially(SuiteRunner.java:329)
	at org.testng.SuiteRunner.privateRun(SuiteRunner.java:291)
	at org.testng.SuiteRunner.run(SuiteRunner.java:240)
	at org.testng.SuiteRunnerWorker.runSuite(SuiteRunnerWorker.java:52)
	at org.testng.SuiteRunnerWorker.run(SuiteRunnerWorker.java:86)
	at org.testng.TestNG.runSuitesSequentially(TestNG.java:1224)
	at org.testng.TestNG.runSuitesLocally(TestNG.java:1149)
	at org.testng.TestNG.run(TestNG.java:1057)
	at org.apache.maven.surefire.testng.TestNGExecutor.run(TestNGExecutor.java:70)
	at org.apache.maven.surefire.testng.TestNGDirectoryTestSuite.executeMulti(TestNGDirectoryTestSuite.java:158)
	at org.apache.maven.surefire.testng.TestNGDirectoryTestSuite.execute(TestNGDirectoryTestSuite.java:98)
	at org.apache.maven.surefire.testng.TestNGProvider.invoke(TestNGProvider.java:111)
	at sun.reflect.NativeMethodAccessorImpl.invoke0(Native Method)
	at sun.reflect.NativeMethodAccessorImpl.invoke(NativeMethodAccessorImpl.java:62)
	at sun.reflect.DelegatingMethodAccessorImpl.invoke(DelegatingMethodAccessorImpl.java:43)
	at java.lang.reflect.Method.invoke(Method.java:498)
	at org.apache.maven.surefire.util.ReflectionUtils.invokeMethodWithArray(ReflectionUtils.java:164)
	at org.apache.maven.surefire.booter.ProviderFactory$ProviderProxy.invoke(ProviderFactory.java:110)
	at org.apache.maven.surefire.booter.SurefireStarter.invokeProvider(SurefireStarter.java:175)
	at org.apache.maven.surefire.booter.SurefireStarter.runSuitesInProcessWhenForked(SurefireStarter.java:107)
	at org.apache.maven.surefire.booter.ForkedBooter.main(ForkedBooter.java:68)
]]>
            </full-stacktrace>
          </exception> <!-- java.lang.IllegalArgumentException -->
          <reporter-output>
          </reporter-output>
        </test-method> <!-- negativeOrZeroNumTimesToTrackShouldThrowIAE -->
        <test-method status="PASS" signature="negativeOrZeroNumTimesToTrackShouldThrowIAE(int)[pri:0, instance:storm.starter.tools.NthLastModifiedTimeTrackerTest@2c9f9fb0]" name="negativeOrZeroNumTimesToTrackShouldThrowIAE" duration-ms="0" started-at="2017-05-25T13:57:04Z" data-provider="illegalNumTimesData" finished-at="2017-05-25T13:57:04Z">
          <params>
            <param index="0">
              <value>
                <![CDATA[-2]]>
              </value>
            </param>
          </params>
          <exception class="java.lang.IllegalArgumentException">
            <message>
              <![CDATA[numTimesToTrack must be greater than zero (you requested -2)]]>
            </message>
            <full-stacktrace>
              <![CDATA[java.lang.IllegalArgumentException: numTimesToTrack must be greater than zero (you requested -2)
	at storm.starter.tools.NthLastModifiedTimeTracker.<init>(NthLastModifiedTimeTracker.java:22)
	at storm.starter.tools.NthLastModifiedTimeTrackerTest.negativeOrZeroNumTimesToTrackShouldThrowIAE(NthLastModifiedTimeTrackerTest.java:21)
	at sun.reflect.NativeMethodAccessorImpl.invoke0(Native Method)
	at sun.reflect.NativeMethodAccessorImpl.invoke(NativeMethodAccessorImpl.java:62)
	at sun.reflect.DelegatingMethodAccessorImpl.invoke(DelegatingMethodAccessorImpl.java:43)
	at java.lang.reflect.Method.invoke(Method.java:498)
	at org.testng.internal.MethodInvocationHelper.invokeMethod(MethodInvocationHelper.java:84)
	at org.testng.internal.Invoker.invokeMethod(Invoker.java:714)
	at org.testng.internal.Invoker.invokeTestMethod(Invoker.java:901)
	at org.testng.internal.Invoker.invokeTestMethods(Invoker.java:1231)
	at org.testng.internal.TestMethodWorker.invokeTestMethods(TestMethodWorker.java:127)
	at org.testng.internal.TestMethodWorker.run(TestMethodWorker.java:111)
	at org.testng.TestRunner.privateRun(TestRunner.java:767)
	at org.testng.TestRunner.run(TestRunner.java:617)
	at org.testng.SuiteRunner.runTest(SuiteRunner.java:334)
	at org.testng.SuiteRunner.runSequentially(SuiteRunner.java:329)
	at org.testng.SuiteRunner.privateRun(SuiteRunner.java:291)
	at org.testng.SuiteRunner.run(SuiteRunner.java:240)
	at org.testng.SuiteRunnerWorker.runSuite(SuiteRunnerWorker.java:52)
	at org.testng.SuiteRunnerWorker.run(SuiteRunnerWorker.java:86)
	at org.testng.TestNG.runSuitesSequentially(TestNG.java:1224)
	at org.testng.TestNG.runSuitesLocally(TestNG.java:1149)
	at org.testng.TestNG.run(TestNG.java:1057)
	at org.apache.maven.surefire.testng.TestNGExecutor.run(TestNGExecutor.java:70)
	at org.apache.maven.surefire.testng.TestNGDirectoryTestSuite.executeMulti(TestNGDirectoryTestSuite.java:158)
	at org.apache.maven.surefire.testng.TestNGDirectoryTestSuite.execute(TestNGDirectoryTestSuite.java:98)
	at org.apache.maven.surefire.testng.TestNGProvider.invoke(TestNGProvider.java:111)
	at sun.reflect.NativeMethodAccessorImpl.invoke0(Native Method)
	at sun.reflect.NativeMethodAccessorImpl.invoke(NativeMethodAccessorImpl.java:62)
	at sun.reflect.DelegatingMethodAccessorImpl.invoke(DelegatingMethodAccessorImpl.java:43)
	at java.lang.reflect.Method.invoke(Method.java:498)
	at org.apache.maven.surefire.util.ReflectionUtils.invokeMethodWithArray(ReflectionUtils.java:164)
	at org.apache.maven.surefire.booter.ProviderFactory$ProviderProxy.invoke(ProviderFactory.java:110)
	at org.apache.maven.surefire.booter.SurefireStarter.invokeProvider(SurefireStarter.java:175)
	at org.apache.maven.surefire.booter.SurefireStarter.runSuitesInProcessWhenForked(SurefireStarter.java:107)
	at org.apache.maven.surefire.booter.ForkedBooter.main(ForkedBooter.java:68)
]]>
            </full-stacktrace>
          </exception> <!-- java.lang.IllegalArgumentException -->
          <reporter-output>
          </reporter-output>
        </test-method> <!-- negativeOrZeroNumTimesToTrackShouldThrowIAE -->
        <test-method status="PASS" signature="negativeOrZeroNumTimesToTrackShouldThrowIAE(int)[pri:0, instance:storm.starter.tools.NthLastModifiedTimeTrackerTest@2c9f9fb0]" name="negativeOrZeroNumTimesToTrackShouldThrowIAE" duration-ms="0" started-at="2017-05-25T13:57:04Z" data-provider="illegalNumTimesData" finished-at="2017-05-25T13:57:04Z">
          <params>
            <param index="0">
              <value>
                <![CDATA[0]]>
              </value>
            </param>
          </params>
          <exception class="java.lang.IllegalArgumentException">
            <message>
              <![CDATA[numTimesToTrack must be greater than zero (you requested 0)]]>
            </message>
            <full-stacktrace>
              <![CDATA[java.lang.IllegalArgumentException: numTimesToTrack must be greater than zero (you requested 0)
	at storm.starter.tools.NthLastModifiedTimeTracker.<init>(NthLastModifiedTimeTracker.java:22)
	at storm.starter.tools.NthLastModifiedTimeTrackerTest.negativeOrZeroNumTimesToTrackShouldThrowIAE(NthLastModifiedTimeTrackerTest.java:21)
	at sun.reflect.NativeMethodAccessorImpl.invoke0(Native Method)
	at sun.reflect.NativeMethodAccessorImpl.invoke(NativeMethodAccessorImpl.java:62)
	at sun.reflect.DelegatingMethodAccessorImpl.invoke(DelegatingMethodAccessorImpl.java:43)
	at java.lang.reflect.Method.invoke(Method.java:498)
	at org.testng.internal.MethodInvocationHelper.invokeMethod(MethodInvocationHelper.java:84)
	at org.testng.internal.Invoker.invokeMethod(Invoker.java:714)
	at org.testng.internal.Invoker.invokeTestMethod(Invoker.java:901)
	at org.testng.internal.Invoker.invokeTestMethods(Invoker.java:1231)
	at org.testng.internal.TestMethodWorker.invokeTestMethods(TestMethodWorker.java:127)
	at org.testng.internal.TestMethodWorker.run(TestMethodWorker.java:111)
	at org.testng.TestRunner.privateRun(TestRunner.java:767)
	at org.testng.TestRunner.run(TestRunner.java:617)
	at org.testng.SuiteRunner.runTest(SuiteRunner.java:334)
	at org.testng.SuiteRunner.runSequentially(SuiteRunner.java:329)
	at org.testng.SuiteRunner.privateRun(SuiteRunner.java:291)
	at org.testng.SuiteRunner.run(SuiteRunner.java:240)
	at org.testng.SuiteRunnerWorker.runSuite(SuiteRunnerWorker.java:52)
	at org.testng.SuiteRunnerWorker.run(SuiteRunnerWorker.java:86)
	at org.testng.TestNG.runSuitesSequentially(TestNG.java:1224)
	at org.testng.TestNG.runSuitesLocally(TestNG.java:1149)
	at org.testng.TestNG.run(TestNG.java:1057)
	at org.apache.maven.surefire.testng.TestNGExecutor.run(TestNGExecutor.java:70)
	at org.apache.maven.surefire.testng.TestNGDirectoryTestSuite.executeMulti(TestNGDirectoryTestSuite.java:158)
	at org.apache.maven.surefire.testng.TestNGDirectoryTestSuite.execute(TestNGDirectoryTestSuite.java:98)
	at org.apache.maven.surefire.testng.TestNGProvider.invoke(TestNGProvider.java:111)
	at sun.reflect.NativeMethodAccessorImpl.invoke0(Native Method)
	at sun.reflect.NativeMethodAccessorImpl.invoke(NativeMethodAccessorImpl.java:62)
	at sun.reflect.DelegatingMethodAccessorImpl.invoke(DelegatingMethodAccessorImpl.java:43)
	at java.lang.reflect.Method.invoke(Method.java:498)
	at org.apache.maven.surefire.util.ReflectionUtils.invokeMethodWithArray(ReflectionUtils.java:164)
	at org.apache.maven.surefire.booter.ProviderFactory$ProviderProxy.invoke(ProviderFactory.java:110)
	at org.apache.maven.surefire.booter.SurefireStarter.invokeProvider(SurefireStarter.java:175)
	at org.apache.maven.surefire.booter.SurefireStarter.runSuitesInProcessWhenForked(SurefireStarter.java:107)
	at org.apache.maven.surefire.booter.ForkedBooter.main(ForkedBooter.java:68)
]]>
            </full-stacktrace>
          </exception> <!-- java.lang.IllegalArgumentException -->
          <reporter-output>
          </reporter-output>
        </test-method> <!-- negativeOrZeroNumTimesToTrackShouldThrowIAE -->
        <test-method status="PASS" signature="negativeOrZeroNumTimesToTrackShouldThrowIAE(int)[pri:0, instance:storm.starter.tools.NthLastModifiedTimeTrackerTest@2c9f9fb0]" name="negativeOrZeroNumTimesToTrackShouldThrowIAE" duration-ms="0" started-at="2017-05-25T13:57:04Z" data-provider="illegalNumTimesData" finished-at="2017-05-25T13:57:04Z">
          <params>
            <param index="0">
              <value>
                <![CDATA[-3]]>
              </value>
            </param>
          </params>
          <exception class="java.lang.IllegalArgumentException">
            <message>
              <![CDATA[numTimesToTrack must be greater than zero (you requested -3)]]>
            </message>
            <full-stacktrace>
              <![CDATA[java.lang.IllegalArgumentException: numTimesToTrack must be greater than zero (you requested -3)
	at storm.starter.tools.NthLastModifiedTimeTracker.<init>(NthLastModifiedTimeTracker.java:22)
	at storm.starter.tools.NthLastModifiedTimeTrackerTest.negativeOrZeroNumTimesToTrackShouldThrowIAE(NthLastModifiedTimeTrackerTest.java:21)
	at sun.reflect.NativeMethodAccessorImpl.invoke0(Native Method)
	at sun.reflect.NativeMethodAccessorImpl.invoke(NativeMethodAccessorImpl.java:62)
	at sun.reflect.DelegatingMethodAccessorImpl.invoke(DelegatingMethodAccessorImpl.java:43)
	at java.lang.reflect.Method.invoke(Method.java:498)
	at org.testng.internal.MethodInvocationHelper.invokeMethod(MethodInvocationHelper.java:84)
	at org.testng.internal.Invoker.invokeMethod(Invoker.java:714)
	at org.testng.internal.Invoker.invokeTestMethod(Invoker.java:901)
	at org.testng.internal.Invoker.invokeTestMethods(Invoker.java:1231)
	at org.testng.internal.TestMethodWorker.invokeTestMethods(TestMethodWorker.java:127)
	at org.testng.internal.TestMethodWorker.run(TestMethodWorker.java:111)
	at org.testng.TestRunner.privateRun(TestRunner.java:767)
	at org.testng.TestRunner.run(TestRunner.java:617)
	at org.testng.SuiteRunner.runTest(SuiteRunner.java:334)
	at org.testng.SuiteRunner.runSequentially(SuiteRunner.java:329)
	at org.testng.SuiteRunner.privateRun(SuiteRunner.java:291)
	at org.testng.SuiteRunner.run(SuiteRunner.java:240)
	at org.testng.SuiteRunnerWorker.runSuite(SuiteRunnerWorker.java:52)
	at org.testng.SuiteRunnerWorker.run(SuiteRunnerWorker.java:86)
	at org.testng.TestNG.runSuitesSequentially(TestNG.java:1224)
	at org.testng.TestNG.runSuitesLocally(TestNG.java:1149)
	at org.testng.TestNG.run(TestNG.java:1057)
	at org.apache.maven.surefire.testng.TestNGExecutor.run(TestNGExecutor.java:70)
	at org.apache.maven.surefire.testng.TestNGDirectoryTestSuite.executeMulti(TestNGDirectoryTestSuite.java:158)
	at org.apache.maven.surefire.testng.TestNGDirectoryTestSuite.execute(TestNGDirectoryTestSuite.java:98)
	at org.apache.maven.surefire.testng.TestNGProvider.invoke(TestNGProvider.java:111)
	at sun.reflect.NativeMethodAccessorImpl.invoke0(Native Method)
	at sun.reflect.NativeMethodAccessorImpl.invoke(NativeMethodAccessorImpl.java:62)
	at sun.reflect.DelegatingMethodAccessorImpl.invoke(DelegatingMethodAccessorImpl.java:43)
	at java.lang.reflect.Method.invoke(Method.java:498)
	at org.apache.maven.surefire.util.ReflectionUtils.invokeMethodWithArray(ReflectionUtils.java:164)
	at org.apache.maven.surefire.booter.ProviderFactory$ProviderProxy.invoke(ProviderFactory.java:110)
	at org.apache.maven.surefire.booter.SurefireStarter.invokeProvider(SurefireStarter.java:175)
	at org.apache.maven.surefire.booter.SurefireStarter.runSuitesInProcessWhenForked(SurefireStarter.java:107)
	at org.apache.maven.surefire.booter.ForkedBooter.main(ForkedBooter.java:68)
]]>
            </full-stacktrace>
          </exception> <!-- java.lang.IllegalArgumentException -->
          <reporter-output>
          </reporter-output>
        </test-method> <!-- negativeOrZeroNumTimesToTrackShouldThrowIAE -->
        <test-method status="PASS" signature="positiveNumTimesToTrackShouldBeOk(int)[pri:0, instance:storm.starter.tools.NthLastModifiedTimeTrackerTest@2c9f9fb0]" name="positiveNumTimesToTrackShouldBeOk" duration-ms="3" started-at="2017-05-25T13:57:04Z" data-provider="legalNumTimesData" finished-at="2017-05-25T13:57:04Z">
          <params>
            <param index="0">
              <value>
                <![CDATA[1]]>
              </value>
            </param>
          </params>
          <reporter-output>
          </reporter-output>
        </test-method> <!-- positiveNumTimesToTrackShouldBeOk -->
        <test-method status="PASS" signature="positiveNumTimesToTrackShouldBeOk(int)[pri:0, instance:storm.starter.tools.NthLastModifiedTimeTrackerTest@2c9f9fb0]" name="positiveNumTimesToTrackShouldBeOk" duration-ms="0" started-at="2017-05-25T13:57:04Z" data-provider="legalNumTimesData" finished-at="2017-05-25T13:57:04Z">
          <params>
            <param index="0">
              <value>
                <![CDATA[2]]>
              </value>
            </param>
          </params>
          <reporter-output>
          </reporter-output>
        </test-method> <!-- positiveNumTimesToTrackShouldBeOk -->
        <test-method status="PASS" signature="positiveNumTimesToTrackShouldBeOk(int)[pri:0, instance:storm.starter.tools.NthLastModifiedTimeTrackerTest@2c9f9fb0]" name="positiveNumTimesToTrackShouldBeOk" duration-ms="1" started-at="2017-05-25T13:57:04Z" data-provider="legalNumTimesData" finished-at="2017-05-25T13:57:04Z">
          <params>
            <param index="0">
              <value>
                <![CDATA[20]]>
              </value>
            </param>
          </params>
          <reporter-output>
          </reporter-output>
        </test-method> <!-- positiveNumTimesToTrackShouldBeOk -->
        <test-method status="PASS" signature="positiveNumTimesToTrackShouldBeOk(int)[pri:0, instance:storm.starter.tools.NthLastModifiedTimeTrackerTest@2c9f9fb0]" name="positiveNumTimesToTrackShouldBeOk" duration-ms="0" started-at="2017-05-25T13:57:04Z" data-provider="legalNumTimesData" finished-at="2017-05-25T13:57:04Z">
          <params>
            <param index="0">
              <value>
                <![CDATA[3]]>
              </value>
            </param>
          </params>
          <reporter-output>
          </reporter-output>
        </test-method> <!-- positiveNumTimesToTrackShouldBeOk -->
        <test-method status="PASS" signature="shouldReturnCorrectModifiedTimeEvenWhenNotYetMarkedAsModified(int)[pri:0, instance:storm.starter.tools.NthLastModifiedTimeTrackerTest@2c9f9fb0]" name="shouldReturnCorrectModifiedTimeEvenWhenNotYetMarkedAsModified" duration-ms="3" started-at="2017-05-25T13:57:04Z" data-provider="whenNotYetMarkedAsModifiedData" finished-at="2017-05-25T13:57:04Z">
          <params>
            <param index="0">
              <value>
                <![CDATA[0]]>
              </value>
            </param>
          </params>
          <reporter-output>
          </reporter-output>
        </test-method> <!-- shouldReturnCorrectModifiedTimeEvenWhenNotYetMarkedAsModified -->
        <test-method status="PASS" signature="shouldReturnCorrectModifiedTimeEvenWhenNotYetMarkedAsModified(int)[pri:0, instance:storm.starter.tools.NthLastModifiedTimeTrackerTest@2c9f9fb0]" name="shouldReturnCorrectModifiedTimeEvenWhenNotYetMarkedAsModified" duration-ms="0" started-at="2017-05-25T13:57:04Z" data-provider="whenNotYetMarkedAsModifiedData" finished-at="2017-05-25T13:57:04Z">
          <params>
            <param index="0">
              <value>
                <![CDATA[3]]>
              </value>
            </param>
          </params>
          <reporter-output>
          </reporter-output>
        </test-method> <!-- shouldReturnCorrectModifiedTimeEvenWhenNotYetMarkedAsModified -->
        <test-method status="PASS" signature="shouldReturnCorrectModifiedTimeEvenWhenNotYetMarkedAsModified(int)[pri:0, instance:storm.starter.tools.NthLastModifiedTimeTrackerTest@2c9f9fb0]" name="shouldReturnCorrectModifiedTimeEvenWhenNotYetMarkedAsModified" duration-ms="0" started-at="2017-05-25T13:57:04Z" data-provider="whenNotYetMarkedAsModifiedData" finished-at="2017-05-25T13:57:04Z">
          <params>
            <param index="0">
[...]
	at org.testng.SuiteRunner.runTest(SuiteRunner.java:334)
	at org.testng.SuiteRunner.runSequentially(SuiteRunner.java:329)
	at org.testng.SuiteRunner.privateRun(SuiteRunner.java:291)
	at org.testng.SuiteRunner.run(SuiteRunner.java:240)
	at org.testng.SuiteRunnerWorker.runSuite(SuiteRunnerWorker.java:52)
	at org.testng.SuiteRunnerWorker.run(SuiteRunnerWorker.java:86)
	at org.testng.TestNG.runSuitesSequentially(TestNG.java:1224)
	at org.testng.TestNG.runSuitesLocally(TestNG.java:1149)
	at org.testng.TestNG.run(TestNG.java:1057)
	at org.apache.maven.surefire.testng.TestNGExecutor.run(TestNGExecutor.java:70)
	at org.apache.maven.surefire.testng.TestNGDirectoryTestSuite.executeMulti(TestNGDirectoryTestSuite.java:158)
	at org.apache.maven.surefire.testng.TestNGDirectoryTestSuite.execute(TestNGDirectoryTestSuite.java:98)
	at org.apache.maven.surefire.testng.TestNGProvider.invoke(TestNGProvider.java:111)
	at sun.reflect.NativeMethodAccessorImpl.invoke0(Native Method)
	at sun.reflect.NativeMethodAccessorImpl.invoke(NativeMethodAccessorImpl.java:62)
	at sun.reflect.DelegatingMethodAccessorImpl.invoke(DelegatingMethodAccessorImpl.java:43)
	at java.lang.reflect.Method.invoke(Method.java:498)
	at org.apache.maven.surefire.util.ReflectionUtils.invokeMethodWithArray(ReflectionUtils.java:164)
	at org.apache.maven.surefire.booter.ProviderFactory$ProviderProxy.invoke(ProviderFactory.java:110)
	at org.apache.maven.surefire.booter.SurefireStarter.invokeProvider(SurefireStarter.java:175)
	at org.apache.maven.surefire.booter.SurefireStarter.runSuitesInProcessWhenForked(SurefireStarter.java:107)
	at org.apache.maven.surefire.booter.ForkedBooter.main(ForkedBooter.java:68)
]]>
            </full-stacktrace>
          </exception> <!-- java.lang.IllegalArgumentException -->
          <reporter-output>
          </reporter-output>
        </test-method> <!-- negativeOrZeroTopNShouldThrowIAE -->
        <test-method status="PASS" signature="negativeOrZeroTopNShouldThrowIAE(int)[pri:0, instance:storm.starter.bolt.TotalRankingsBoltTest@7946e1f4]" name="negativeOrZeroTopNShouldThrowIAE" duration-ms="0" started-at="2017-05-25T13:57:04Z" data-provider="illegalTopN" finished-at="2017-05-25T13:57:04Z">
          <params>
            <param index="0">
              <value>
                <![CDATA[-10]]>
              </value>
            </param>
          </params>
          <exception class="java.lang.IllegalArgumentException">
            <message>
              <![CDATA[topN must be >= 1 (you requested -10)]]>
            </message>
            <full-stacktrace>
              <![CDATA[java.lang.IllegalArgumentException: topN must be >= 1 (you requested -10)
	at storm.starter.bolt.AbstractRankerBolt.<init>(AbstractRankerBolt.java:44)
	at storm.starter.bolt.AbstractRankerBolt.<init>(AbstractRankerBolt.java:39)
	at storm.starter.bolt.TotalRankingsBolt.<init>(TotalRankingsBolt.java:23)
	at storm.starter.bolt.TotalRankingsBoltTest.negativeOrZeroTopNShouldThrowIAE(TotalRankingsBoltTest.java:42)
	at sun.reflect.NativeMethodAccessorImpl.invoke0(Native Method)
	at sun.reflect.NativeMethodAccessorImpl.invoke(NativeMethodAccessorImpl.java:62)
	at sun.reflect.DelegatingMethodAccessorImpl.invoke(DelegatingMethodAccessorImpl.java:43)
	at java.lang.reflect.Method.invoke(Method.java:498)
	at org.testng.internal.MethodInvocationHelper.invokeMethod(MethodInvocationHelper.java:84)
	at org.testng.internal.Invoker.invokeMethod(Invoker.java:714)
	at org.testng.internal.Invoker.invokeTestMethod(Invoker.java:901)
	at org.testng.internal.Invoker.invokeTestMethods(Invoker.java:1231)
	at org.testng.internal.TestMethodWorker.invokeTestMethods(TestMethodWorker.java:127)
	at org.testng.internal.TestMethodWorker.run(TestMethodWorker.java:111)
	at org.testng.TestRunner.privateRun(TestRunner.java:767)
	at org.testng.TestRunner.run(TestRunner.java:617)
	at org.testng.SuiteRunner.runTest(SuiteRunner.java:334)
	at org.testng.SuiteRunner.runSequentially(SuiteRunner.java:329)
	at org.testng.SuiteRunner.privateRun(SuiteRunner.java:291)
	at org.testng.SuiteRunner.run(SuiteRunner.java:240)
	at org.testng.SuiteRunnerWorker.runSuite(SuiteRunnerWorker.java:52)
	at org.testng.SuiteRunnerWorker.run(SuiteRunnerWorker.java:86)
	at org.testng.TestNG.runSuitesSequentially(TestNG.java:1224)
	at org.testng.TestNG.runSuitesLocally(TestNG.java:1149)
	at org.testng.TestNG.run(TestNG.java:1057)
	at org.apache.maven.surefire.testng.TestNGExecutor.run(TestNGExecutor.java:70)
	at org.apache.maven.surefire.testng.TestNGDirectoryTestSuite.executeMulti(TestNGDirectoryTestSuite.java:158)
	at org.apache.maven.surefire.testng.TestNGDirectoryTestSuite.execute(TestNGDirectoryTestSuite.java:98)
	at org.apache.maven.surefire.testng.TestNGProvider.invoke(TestNGProvider.java:111)
	at sun.reflect.NativeMethodAccessorImpl.invoke0(Native Method)
	at sun.reflect.NativeMethodAccessorImpl.invoke(NativeMethodAccessorImpl.java:62)
	at sun.reflect.DelegatingMethodAccessorImpl.invoke(DelegatingMethodAccessorImpl.java:43)
	at java.lang.reflect.Method.invoke(Method.java:498)
	at org.apache.maven.surefire.util.ReflectionUtils.invokeMethodWithArray(ReflectionUtils.java:164)
	at org.apache.maven.surefire.booter.ProviderFactory$ProviderProxy.invoke(ProviderFactory.java:110)
	at org.apache.maven.surefire.booter.SurefireStarter.invokeProvider(SurefireStarter.java:175)
	at org.apache.maven.surefire.booter.SurefireStarter.runSuitesInProcessWhenForked(SurefireStarter.java:107)
	at org.apache.maven.surefire.booter.ForkedBooter.main(ForkedBooter.java:68)
]]>
            </full-stacktrace>
          </exception> <!-- java.lang.IllegalArgumentException -->
          <reporter-output>
          </reporter-output>
        </test-method> <!-- negativeOrZeroTopNShouldThrowIAE -->
        <test-method status="PASS" signature="positiveEmitFrequencyShouldBeOk(int)[pri:0, instance:storm.starter.bolt.TotalRankingsBoltTest@7946e1f4]" name="positiveEmitFrequencyShouldBeOk" duration-ms="0" started-at="2017-05-25T13:57:04Z" data-provider="legalEmitFrequency" finished-at="2017-05-25T13:57:04Z">
          <params>
            <param index="0">
              <value>
                <![CDATA[3]]>
              </value>
            </param>
          </params>
          <reporter-output>
          </reporter-output>
        </test-method> <!-- positiveEmitFrequencyShouldBeOk -->
        <test-method status="PASS" signature="negativeOrZeroTopNShouldThrowIAE(int)[pri:0, instance:storm.starter.bolt.TotalRankingsBoltTest@7946e1f4]" name="negativeOrZeroTopNShouldThrowIAE" duration-ms="0" started-at="2017-05-25T13:57:04Z" data-provider="illegalTopN" finished-at="2017-05-25T13:57:04Z">
          <params>
            <param index="0">
              <value>
                <![CDATA[-1]]>
              </value>
            </param>
          </params>
          <exception class="java.lang.IllegalArgumentException">
            <message>
              <![CDATA[topN must be >= 1 (you requested -1)]]>
            </message>
            <full-stacktrace>
              <![CDATA[java.lang.IllegalArgumentException: topN must be >= 1 (you requested -1)
	at storm.starter.bolt.AbstractRankerBolt.<init>(AbstractRankerBolt.java:44)
	at storm.starter.bolt.AbstractRankerBolt.<init>(AbstractRankerBolt.java:39)
	at storm.starter.bolt.TotalRankingsBolt.<init>(TotalRankingsBolt.java:23)
	at storm.starter.bolt.TotalRankingsBoltTest.negativeOrZeroTopNShouldThrowIAE(TotalRankingsBoltTest.java:42)
	at sun.reflect.NativeMethodAccessorImpl.invoke0(Native Method)
	at sun.reflect.NativeMethodAccessorImpl.invoke(NativeMethodAccessorImpl.java:62)
	at sun.reflect.DelegatingMethodAccessorImpl.invoke(DelegatingMethodAccessorImpl.java:43)
	at java.lang.reflect.Method.invoke(Method.java:498)
	at org.testng.internal.MethodInvocationHelper.invokeMethod(MethodInvocationHelper.java:84)
	at org.testng.internal.Invoker.invokeMethod(Invoker.java:714)
	at org.testng.internal.Invoker.invokeTestMethod(Invoker.java:901)
	at org.testng.internal.Invoker.invokeTestMethods(Invoker.java:1231)
	at org.testng.internal.TestMethodWorker.invokeTestMethods(TestMethodWorker.java:127)
	at org.testng.internal.TestMethodWorker.run(TestMethodWorker.java:111)
	at org.testng.TestRunner.privateRun(TestRunner.java:767)
	at org.testng.TestRunner.run(TestRunner.java:617)
	at org.testng.SuiteRunner.runTest(SuiteRunner.java:334)
	at org.testng.SuiteRunner.runSequentially(SuiteRunner.java:329)
	at org.testng.SuiteRunner.privateRun(SuiteRunner.java:291)
	at org.testng.SuiteRunner.run(SuiteRunner.java:240)
	at org.testng.SuiteRunnerWorker.runSuite(SuiteRunnerWorker.java:52)
	at org.testng.SuiteRunnerWorker.run(SuiteRunnerWorker.java:86)
	at org.testng.TestNG.runSuitesSequentially(TestNG.java:1224)
	at org.testng.TestNG.runSuitesLocally(TestNG.java:1149)
	at org.testng.TestNG.run(TestNG.java:1057)
	at org.apache.maven.surefire.testng.TestNGExecutor.run(TestNGExecutor.java:70)
	at org.apache.maven.surefire.testng.TestNGDirectoryTestSuite.executeMulti(TestNGDirectoryTestSuite.java:158)
	at org.apache.maven.surefire.testng.TestNGDirectoryTestSuite.execute(TestNGDirectoryTestSuite.java:98)
	at org.apache.maven.surefire.testng.TestNGProvider.invoke(TestNGProvider.java:111)
	at sun.reflect.NativeMethodAccessorImpl.invoke0(Native Method)
	at sun.reflect.NativeMethodAccessorImpl.invoke(NativeMethodAccessorImpl.java:62)
	at sun.reflect.DelegatingMethodAccessorImpl.invoke(DelegatingMethodAccessorImpl.java:43)
	at java.lang.reflect.Method.invoke(Method.java:498)
	at org.apache.maven.surefire.util.ReflectionUtils.invokeMethodWithArray(ReflectionUtils.java:164)
	at org.apache.maven.surefire.booter.ProviderFactory$ProviderProxy.invoke(ProviderFactory.java:110)
	at org.apache.maven.surefire.booter.SurefireStarter.invokeProvider(SurefireStarter.java:175)
	at org.apache.maven.surefire.booter.SurefireStarter.runSuitesInProcessWhenForked(SurefireStarter.java:107)
	at org.apache.maven.surefire.booter.ForkedBooter.main(ForkedBooter.java:68)
]]>
            </full-stacktrace>
          </exception> <!-- java.lang.IllegalArgumentException -->
          <reporter-output>
          </reporter-output>
        </test-method> <!-- negativeOrZeroTopNShouldThrowIAE -->
        <test-method status="PASS" signature="positiveEmitFrequencyShouldBeOk(int)[pri:0, instance:storm.starter.bolt.TotalRankingsBoltTest@7946e1f4]" name="positiveEmitFrequencyShouldBeOk" duration-ms="0" started-at="2017-05-25T13:57:04Z" data-provider="legalEmitFrequency" finished-at="2017-05-25T13:57:04Z">
          <params>
            <param index="0">
              <value>
                <![CDATA[20]]>
              </value>
            </param>
          </params>
          <reporter-output>
          </reporter-output>
        </test-method> <!-- positiveEmitFrequencyShouldBeOk -->
        <test-method status="PASS" signature="negativeOrZeroTopNShouldThrowIAE(int)[pri:0, instance:storm.starter.bolt.TotalRankingsBoltTest@7946e1f4]" name="negativeOrZeroTopNShouldThrowIAE" duration-ms="0" started-at="2017-05-25T13:57:04Z" data-provider="illegalTopN" finished-at="2017-05-25T13:57:04Z">
          <params>
            <param index="0">
              <value>
                <![CDATA[0]]>
              </value>
            </param>
          </params>
          <exception class="java.lang.IllegalArgumentException">
            <message>
              <![CDATA[topN must be >= 1 (you requested 0)]]>
            </message>
            <full-stacktrace>
              <![CDATA[java.lang.IllegalArgumentException: topN must be >= 1 (you requested 0)
	at storm.starter.bolt.AbstractRankerBolt.<init>(AbstractRankerBolt.java:44)
	at storm.starter.bolt.AbstractRankerBolt.<init>(AbstractRankerBolt.java:39)
	at storm.starter.bolt.TotalRankingsBolt.<init>(TotalRankingsBolt.java:23)
	at storm.starter.bolt.TotalRankingsBoltTest.negativeOrZeroTopNShouldThrowIAE(TotalRankingsBoltTest.java:42)
	at sun.reflect.NativeMethodAccessorImpl.invoke0(Native Method)
	at sun.reflect.NativeMethodAccessorImpl.invoke(NativeMethodAccessorImpl.java:62)
	at sun.reflect.DelegatingMethodAccessorImpl.invoke(DelegatingMethodAccessorImpl.java:43)
	at java.lang.reflect.Method.invoke(Method.java:498)
	at org.testng.internal.MethodInvocationHelper.invokeMethod(MethodInvocationHelper.java:84)
	at org.testng.internal.Invoker.invokeMethod(Invoker.java:714)
	at org.testng.internal.Invoker.invokeTestMethod(Invoker.java:901)
	at org.testng.internal.Invoker.invokeTestMethods(Invoker.java:1231)
	at org.testng.internal.TestMethodWorker.invokeTestMethods(TestMethodWorker.java:127)
	at org.testng.internal.TestMethodWorker.run(TestMethodWorker.java:111)
	at org.testng.TestRunner.privateRun(TestRunner.java:767)
	at org.testng.TestRunner.run(TestRunner.java:617)
	at org.testng.SuiteRunner.runTest(SuiteRunner.java:334)
	at org.testng.SuiteRunner.runSequentially(SuiteRunner.java:329)
	at org.testng.SuiteRunner.privateRun(SuiteRunner.java:291)
	at org.testng.SuiteRunner.run(SuiteRunner.java:240)
	at org.testng.SuiteRunnerWorker.runSuite(SuiteRunnerWorker.java:52)
	at org.testng.SuiteRunnerWorker.run(SuiteRunnerWorker.java:86)
	at org.testng.TestNG.runSuitesSequentially(TestNG.java:1224)
	at org.testng.TestNG.runSuitesLocally(TestNG.java:1149)
	at org.testng.TestNG.run(TestNG.java:1057)
	at org.apache.maven.surefire.testng.TestNGExecutor.run(TestNGExecutor.java:70)
	at org.apache.maven.surefire.testng.TestNGDirectoryTestSuite.executeMulti(TestNGDirectoryTestSuite.java:158)
	at org.apache.maven.surefire.testng.TestNGDirectoryTestSuite.execute(TestNGDirectoryTestSuite.java:98)
	at org.apache.maven.surefire.testng.TestNGProvider.invoke(TestNGProvider.java:111)
	at sun.reflect.NativeMethodAccessorImpl.invoke0(Native Method)
	at sun.reflect.NativeMethodAccessorImpl.invoke(NativeMethodAccessorImpl.java:62)
	at sun.reflect.DelegatingMethodAccessorImpl.invoke(DelegatingMethodAccessorImpl.java:43)
	at java.lang.reflect.Method.invoke(Method.java:498)
	at org.apache.maven.surefire.util.ReflectionUtils.invokeMethodWithArray(ReflectionUtils.java:164)
	at org.apache.maven.surefire.booter.ProviderFactory$ProviderProxy.invoke(ProviderFactory.java:110)
	at org.apache.maven.surefire.booter.SurefireStarter.invokeProvider(SurefireStarter.java:175)
	at org.apache.maven.surefire.booter.SurefireStarter.runSuitesInProcessWhenForked(SurefireStarter.java:107)
	at org.apache.maven.surefire.booter.ForkedBooter.main(ForkedBooter.java:68)
]]>
            </full-stacktrace>
          </exception> <!-- java.lang.IllegalArgumentException -->
          <reporter-output>
          </reporter-output>
        </test-method> <!-- negativeOrZeroTopNShouldThrowIAE -->
        <test-method status="PASS" signature="positiveTopNShouldBeOk(int)[pri:0, instance:storm.starter.bolt.TotalRankingsBoltTest@7946e1f4]" name="positiveTopNShouldBeOk" duration-ms="1" started-at="2017-05-25T13:57:04Z" data-provider="legalTopN" finished-at="2017-05-25T13:57:04Z">
          <params>
            <param index="0">
              <value>
                <![CDATA[1]]>
              </value>
            </param>
          </params>
          <reporter-output>
          </reporter-output>
        </test-method> <!-- positiveTopNShouldBeOk -->
        <test-method status="PASS" signature="positiveEmitFrequencyShouldBeOk(int)[pri:0, instance:storm.starter.bolt.TotalRankingsBoltTest@7946e1f4]" name="positiveEmitFrequencyShouldBeOk" duration-ms="0" started-at="2017-05-25T13:57:04Z" data-provider="legalEmitFrequency" finished-at="2017-05-25T13:57:04Z">
          <params>
            <param index="0">
              <value>
                <![CDATA[2]]>
              </value>
            </param>
          </params>
          <reporter-output>
          </reporter-output>
        </test-method> <!-- positiveEmitFrequencyShouldBeOk -->
        <test-method status="PASS" signature="positiveEmitFrequencyShouldBeOk(int)[pri:0, instance:storm.starter.bolt.TotalRankingsBoltTest@7946e1f4]" name="positiveEmitFrequencyShouldBeOk" duration-ms="0" started-at="2017-05-25T13:57:04Z" data-provider="legalEmitFrequency" finished-at="2017-05-25T13:57:04Z">
          <params>
            <param index="0">
              <value>
                <![CDATA[1]]>
              </value>
            </param>
          </params>
          <reporter-output>
          </reporter-output>
        </test-method> <!-- positiveEmitFrequencyShouldBeOk -->
        <test-method status="PASS" signature="positiveTopNShouldBeOk(int)[pri:0, instance:storm.starter.bolt.TotalRankingsBoltTest@7946e1f4]" name="positiveTopNShouldBeOk" duration-ms="0" started-at="2017-05-25T13:57:04Z" data-provider="legalTopN" finished-at="2017-05-25T13:57:04Z">
          <params>
            <param index="0">
              <value>
                <![CDATA[20]]>
              </value>
            </param>
          </params>
          <reporter-output>
          </reporter-output>
        </test-method> <!-- positiveTopNShouldBeOk -->
        <test-method status="PASS" signature="shouldDeclareOutputFields()[pri:0, instance:storm.starter.bolt.TotalRankingsBoltTest@7946e1f4]" name="shouldDeclareOutputFields" duration-ms="0" started-at="2017-05-25T13:57:04Z" finished-at="2017-05-25T13:57:04Z">
          <reporter-output>
          </reporter-output>
        </test-method> <!-- shouldDeclareOutputFields -->
        <test-method status="PASS" signature="positiveTopNShouldBeOk(int)[pri:0, instance:storm.starter.bolt.TotalRankingsBoltTest@7946e1f4]" name="positiveTopNShouldBeOk" duration-ms="0" started-at="2017-05-25T13:57:04Z" data-provider="legalTopN" finished-at="2017-05-25T13:57:04Z">
          <params>
            <param index="0">
              <value>
                <![CDATA[2]]>
              </value>
            </param>
          </params>
          <reporter-output>
          </reporter-output>
        </test-method> <!-- positiveTopNShouldBeOk -->
        <test-method status="PASS" signature="positiveTopNShouldBeOk(int)[pri:0, instance:storm.starter.bolt.TotalRankingsBoltTest@7946e1f4]" name="positiveTopNShouldBeOk" duration-ms="0" started-at="2017-05-25T13:57:04Z" data-provider="legalTopN" finished-at="2017-05-25T13:57:04Z">
          <params>
            <param index="0">
              <value>
                <![CDATA[3]]>
              </value>
            </param>
          </params>
          <reporter-output>
          </reporter-output>
        </test-method> <!-- positiveTopNShouldBeOk -->
        <test-method status="PASS" signature="shouldEmitNothingIfNormalTupleIsReceived()[pri:0, instance:storm.starter.bolt.TotalRankingsBoltTest@7946e1f4]" name="shouldEmitNothingIfNormalTupleIsReceived" duration-ms="5" started-at="2017-05-25T13:57:04Z" finished-at="2017-05-25T13:57:04Z">
          <reporter-output>
          </reporter-output>
        </test-method> <!-- shouldEmitNothingIfNormalTupleIsReceived -->
        <test-method status="PASS" signature="shouldEmitSomethingIfTickTupleIsReceived()[pri:0, instance:storm.starter.bolt.TotalRankingsBoltTest@7946e1f4]" name="shouldEmitSomethingIfTickTupleIsReceived" duration-ms="1" started-at="2017-05-25T13:57:04Z" finished-at="2017-05-25T13:57:04Z">
          <reporter-output>
          </reporter-output>
        </test-method> <!-- shouldEmitSomethingIfTickTupleIsReceived -->
        <test-method status="PASS" signature="shouldSetTickTupleFrequencyInComponentConfigurationToNonZeroValue()[pri:0, instance:storm.starter.bolt.TotalRankingsBoltTest@7946e1f4]" name="shouldSetTickTupleFrequencyInComponentConfigurationToNonZeroValue" duration-ms="0" started-at="2017-05-25T13:57:04Z" finished-at="2017-05-25T13:57:04Z">
          <reporter-output>
          </reporter-output>
        </test-method> <!-- shouldSetTickTupleFrequencyInComponentConfigurationToNonZeroValue -->
      </class> <!-- storm.starter.bolt.TotalRankingsBoltTest -->
    </test> <!-- Command line test -->
  </suite> <!-- Command line suite -->
</testng-results>
